TN:
SF:src/config.ts
FN:85,defaultConfig
FN:90,(anonymous_1)
FN:97,isObject
FN:101,errorMessage
FN:105,combineWarnings
FN:106,(anonymous_5)
FN:110,hasTerminalControlCharacters
FN:111,(anonymous_7)
FN:117,(anonymous_8)
FN:123,findAvailableAccountNumber
FN:128,(anonymous_10)
FN:133,normalizeAccountsConfig
FN:143,(anonymous_12)
FN:152,(anonymous_13)
FN:154,(anonymous_14)
FN:181,(anonymous_15)
FN:200,describableModels
FN:202,(anonymous_17)
FN:203,(anonymous_18)
FN:206,normalizeImagineConfig
FN:219,normalizeVisionConfig
FN:281,normalizeConfig
FN:297,parseConfig
FN:333,parseLegacyImagine
FN:374,parseLegacyVision
FN:404,loadLegacyConfig
FN:416,(anonymous_26)
FN:422,(anonymous_27)
FN:427,loadConfig
FN:452,saveConfig
FN:456,removeLegacyConfigs
FN:458,(anonymous_31)
FN:469,migrateLegacyConfig
FNF:33
FNH:33
FNDA:212,defaultConfig
FNDA:212,(anonymous_1)
FNDA:3685,isObject
FNDA:14,errorMessage
FNDA:307,combineWarnings
FNDA:604,(anonymous_5)
FNDA:1519,hasTerminalControlCharacters
FNDA:11414,(anonymous_7)
FNDA:1020,(anonymous_8)
FNDA:513,findAvailableAccountNumber
FNDA:1151,(anonymous_10)
FNDA:471,normalizeAccountsConfig
FNDA:468,(anonymous_12)
FNDA:1017,(anonymous_13)
FNDA:1020,(anonymous_14)
FNDA:610,(anonymous_15)
FNDA:474,describableModels
FNDA:3792,(anonymous_17)
FNDA:3318,(anonymous_18)
FNDA:471,normalizeImagineConfig
FNDA:475,normalizeVisionConfig
FNDA:471,normalizeConfig
FNDA:306,parseConfig
FNDA:21,parseLegacyImagine
FNDA:6,parseLegacyVision
FNDA:203,loadLegacyConfig
FNDA:406,(anonymous_26)
FNDA:406,(anonymous_27)
FNDA:427,loadConfig
FNDA:170,saveConfig
FNDA:19,removeLegacyConfigs
FNDA:12,(anonymous_31)
FNDA:58,migrateLegacyConfig
DA:16,53
DA:17,53
DA:18,53
DA:19,53
DA:20,53
DA:50,53
DA:52,53
DA:60,53
DA:66,53
DA:86,212
DA:90,212
DA:98,3685
DA:102,14
DA:106,604
DA:107,307
DA:111,1519
DA:112,11414
DA:113,11414
DA:117,53
DA:118,1020
DA:119,553
DA:120,553
DA:127,513
DA:128,513
DA:129,1151
DA:130,513
DA:134,471
DA:135,467
DA:136,0
DA:137,0
DA:140,467
DA:141,467
DA:142,467
DA:143,467
DA:144,468
DA:145,2
DA:147,466
DA:148,466
DA:151,467
DA:152,1017
DA:154,471
DA:155,1020
DA:156,0
DA:157,0
DA:159,1020
DA:160,1020
DA:161,1020
DA:169,5
DA:170,5
DA:172,1015
DA:173,1015
DA:174,1015
DA:177,471
DA:178,0
DA:179,0
DA:181,467
DA:182,610
DA:186,467
DA:187,2
DA:189,467
DA:193,471
DA:201,474
DA:202,3792
DA:203,3318
DA:207,471
DA:208,468
DA:209,0
DA:210,0
DA:212,468
DA:213,1
DA:214,1
DA:216,1
DA:223,475
DA:225,475
DA:226,471
DA:227,469
DA:228,2
DA:229,2
DA:233,475
DA:234,471
DA:235,469
DA:236,2
DA:237,2
DA:243,475
DA:244,473
DA:250,471
DA:251,2
DA:252,2
DA:256,475
DA:257,471
DA:258,470
DA:259,1
DA:260,1
DA:264,475
DA:265,470
DA:270,469
DA:271,1
DA:272,1
DA:278,475
DA:285,471
DA:286,471
DA:287,0
DA:289,471
DA:298,306
DA:299,306
DA:300,306
DA:301,1
DA:308,303
DA:309,2
DA:316,301
DA:317,301
DA:324,2
DA:338,21
DA:339,21
DA:340,21
DA:341,0
DA:347,14
DA:348,12
DA:349,12
DA:351,0
DA:357,2
DA:358,2
DA:360,0
DA:366,7
DA:379,6
DA:380,6
DA:381,6
DA:382,0
DA:388,3
DA:389,3
DA:390,3
DA:396,3
DA:405,203
DA:406,203
DA:407,203
DA:408,203
DA:409,203
DA:417,406
DA:422,406
DA:428,427
DA:433,427
DA:434,142
DA:435,142
DA:439,285
DA:440,285
DA:441,281
DA:445,4
DA:446,4
DA:453,170
DA:457,19
DA:459,12
DA:460,12
DA:461,12
DA:463,1
DA:470,58
DA:471,58
DA:475,58
DA:476,1
DA:478,57
DA:479,57
DA:480,14
DA:481,14
DA:482,1
DA:484,13
DA:485,1
DA:486,1
DA:487,1
DA:488,1
DA:493,0
DA:502,0
DA:510,13
DA:514,14
DA:520,14
DA:522,43
DA:523,34
DA:525,9
DA:526,2
DA:528,7
DA:529,7
DA:530,7
DA:531,7
DA:532,0
DA:541,1
DA:548,6
DA:549,6
LF:185
LH:169
BRDA:98,0,0,3685
BRDA:98,0,1,3684
BRDA:98,0,2,3684
BRDA:102,1,0,14
BRDA:102,1,1,0
BRDA:107,2,0,24
BRDA:107,2,1,283
BRDA:113,3,0,11414
BRDA:113,3,1,11412
BRDA:113,3,2,1
BRDA:118,4,0,467
BRDA:118,4,1,553
BRDA:120,5,0,552
BRDA:120,5,1,1
BRDA:125,6,0,513
BRDA:129,7,0,638
BRDA:129,7,1,513
BRDA:134,8,0,4
BRDA:134,8,1,467
BRDA:135,9,0,0
BRDA:135,9,1,467
BRDA:135,10,0,467
BRDA:135,10,1,467
BRDA:144,11,0,2
BRDA:144,11,1,466
BRDA:144,12,0,468
BRDA:144,12,1,468
BRDA:144,12,2,466
BRDA:148,13,0,466
BRDA:148,13,1,466
BRDA:148,13,2,466
BRDA:151,14,0,466
BRDA:151,14,1,1
BRDA:155,15,0,0
BRDA:155,15,1,1020
BRDA:155,16,0,1020
BRDA:155,16,1,1020
BRDA:155,16,2,1020
BRDA:161,17,0,5
BRDA:161,17,1,1015
BRDA:162,18,0,1020
BRDA:162,18,1,1019
BRDA:162,18,2,1019
BRDA:162,18,3,1019
BRDA:162,18,4,1018
BRDA:162,18,5,1017
BRDA:177,19,0,0
BRDA:177,19,1,467
BRDA:182,20,0,0
BRDA:182,20,1,610
BRDA:182,21,0,334
BRDA:182,21,1,276
BRDA:186,22,0,2
BRDA:186,22,1,465
BRDA:189,23,0,465
BRDA:189,23,1,2
BRDA:189,24,0,467
BRDA:189,24,1,467
BRDA:207,25,0,3
BRDA:207,25,1,468
BRDA:208,26,0,0
BRDA:208,26,1,468
BRDA:212,27,0,467
BRDA:212,27,1,1
BRDA:213,28,0,1
BRDA:213,28,1,0
BRDA:221,29,0,475
BRDA:225,30,0,471
BRDA:225,30,1,4
BRDA:226,31,0,469
BRDA:226,31,1,2
BRDA:228,32,0,2
BRDA:228,32,1,0
BRDA:233,33,0,471
BRDA:233,33,1,4
BRDA:234,34,0,469
BRDA:234,34,1,2
BRDA:234,35,0,471
BRDA:234,35,1,471
BRDA:236,36,0,2
BRDA:236,36,1,0
BRDA:243,37,0,473
BRDA:243,37,1,2
BRDA:244,38,0,471
BRDA:244,38,1,2
BRDA:245,39,0,473
BRDA:245,39,1,473
BRDA:245,39,2,473
BRDA:245,39,3,471
BRDA:251,40,0,2
BRDA:251,40,1,0
BRDA:256,41,0,471
BRDA:256,41,1,4
BRDA:257,42,0,470
BRDA:257,42,1,1
BRDA:259,43,0,1
BRDA:259,43,1,0
BRDA:264,44,0,470
BRDA:264,44,1,5
BRDA:265,45,0,469
BRDA:265,45,1,1
BRDA:266,46,0,470
BRDA:266,46,1,470
BRDA:266,46,2,470
BRDA:271,47,0,1
BRDA:271,47,1,0
BRDA:286,48,0,0
BRDA:286,48,1,471
BRDA:286,49,0,471
BRDA:286,49,1,470
BRDA:293,50,0,470
BRDA:293,50,1,1
BRDA:300,51,0,1
BRDA:300,51,1,305
BRDA:308,52,0,2
BRDA:308,52,1,301
BRDA:308,53,0,303
BRDA:308,53,1,7
BRDA:321,54,0,5
BRDA:321,54,1,296
BRDA:340,55,0,0
BRDA:340,55,1,21
BRDA:347,56,0,12
BRDA:347,56,1,2
BRDA:348,57,0,12
BRDA:348,57,1,0
BRDA:357,58,0,2
BRDA:357,58,1,0
BRDA:357,59,0,2
BRDA:357,59,1,1
BRDA:381,60,0,0
BRDA:381,60,1,6
BRDA:393,61,0,0
BRDA:393,61,1,3
BRDA:407,62,0,21
BRDA:407,62,1,182
BRDA:408,63,0,6
BRDA:408,63,1,197
BRDA:413,64,0,203
BRDA:413,64,1,182
BRDA:414,65,0,203
BRDA:414,65,1,197
BRDA:416,66,0,21
BRDA:416,66,1,182
BRDA:416,67,0,6
BRDA:416,67,1,197
BRDA:420,68,0,14
BRDA:420,68,1,189
BRDA:421,69,0,3
BRDA:421,69,1,200
BRDA:428,70,0,284
BRDA:428,70,1,143
BRDA:430,71,0,1
BRDA:430,71,1,142
BRDA:433,72,0,142
BRDA:433,72,1,285
BRDA:435,73,0,7
BRDA:435,73,1,135
BRDA:440,74,0,281
BRDA:440,74,1,4
BRDA:441,75,0,5
BRDA:441,75,1,276
BRDA:470,76,0,58
BRDA:470,76,1,3
BRDA:475,77,0,1
BRDA:475,77,1,57
BRDA:475,78,0,58
BRDA:475,78,1,44
BRDA:479,79,0,14
BRDA:479,79,1,43
BRDA:481,80,0,1
BRDA:481,80,1,13
BRDA:484,81,0,1
BRDA:484,81,1,12
BRDA:488,82,0,0
BRDA:488,82,1,1
BRDA:489,83,0,1
BRDA:489,83,1,1
BRDA:489,83,2,1
BRDA:512,84,0,1
BRDA:512,84,1,12
BRDA:520,85,0,3
BRDA:520,85,1,10
BRDA:522,86,0,34
BRDA:522,86,1,9
BRDA:523,87,0,0
BRDA:523,87,1,34
BRDA:525,88,0,2
BRDA:525,88,1,7
BRDA:531,89,0,0
BRDA:531,89,1,7
BRDA:531,90,0,7
BRDA:531,90,1,6
BRDA:549,91,0,0
BRDA:549,91,1,6
BRF:195
BRH:173
end_of_record
TN:
SF:src/storage.ts
FN:14,(anonymous_0)
FN:16,(anonymous_1)
FN:17,(anonymous_2)
FN:18,(anonymous_3)
FN:19,(anonymous_4)
FN:21,(anonymous_5)
FN:22,(anonymous_6)
FN:23,(anonymous_7)
FN:24,(anonymous_8)
FN:26,writeFileAtomic
FN:42,migrateStoredFile
FNF:11
FNH:11
FNDA:2217,(anonymous_0)
FNDA:1409,(anonymous_1)
FNDA:1095,(anonymous_2)
FNDA:115,(anonymous_3)
FNDA:195,(anonymous_4)
FNDA:312,(anonymous_5)
FNDA:203,(anonymous_6)
FNDA:203,(anonymous_7)
FNDA:90,(anonymous_8)
FNDA:224,writeFileAtomic
FNDA:116,migrateStoredFile
DA:14,2217
DA:16,1409
DA:17,1095
DA:18,115
DA:19,195
DA:21,312
DA:22,203
DA:23,203
DA:24,90
DA:27,224
DA:28,224
DA:29,224
DA:30,224
DA:35,224
DA:37,0
DA:38,0
DA:43,116
DA:44,7
DA:45,2
DA:47,5
DA:48,5
DA:49,5
DA:50,5
DA:51,5
DA:52,0
DA:54,3
DA:55,3
DA:56,3
DA:58,2
DA:59,2
LF:30
LH:27
BRDA:14,0,0,2217
BRDA:14,0,1,0
BRDA:33,1,0,171
BRDA:33,1,1,49
BRDA:42,2,0,116
BRDA:43,3,0,109
BRDA:43,3,1,7
BRDA:44,4,0,2
BRDA:44,4,1,5
BRDA:51,5,0,0
BRDA:51,5,1,5
BRDA:55,6,0,2
BRDA:55,6,1,1
BRDA:58,7,0,0
BRDA:58,7,1,2
BRDA:58,8,0,2
BRDA:58,8,1,2
BRDA:59,9,0,2
BRDA:59,9,1,0
BRF:19
BRH:15
end_of_record
TN:
SF:src/auth/config.ts
FN:6,getBaseUrl
FNF:1
FNH:1
FNDA:131,getBaseUrl
DA:1,12
DA:3,12
DA:4,12
DA:7,131
LF:4
LH:4
BRDA:3,0,0,12
BRDA:3,0,1,12
BRDA:8,1,0,131
BRDA:8,1,1,129
BRDA:8,1,2,128
BRF:5
BRH:5
end_of_record
TN:
SF:src/auth/grokCredentials.ts
FN:7,expiryMilliseconds
FN:18,parseGrokCredentials
FN:46,readGrokCredentials
FNF:3
FNH:3
FNDA:9,expiryMilliseconds
FNDA:13,parseGrokCredentials
FNDA:3,readGrokCredentials
DA:8,9
DA:9,2
DA:13,7
DA:14,6
DA:15,6
DA:19,13
DA:20,11
DA:21,11
DA:23,9
DA:24,9
DA:25,9
DA:34,6
DA:37,3
DA:47,3
DA:48,3
DA:52,2
LF:16
LH:16
BRDA:8,0,0,2
BRDA:8,0,1,7
BRDA:9,1,0,1
BRDA:9,1,1,1
BRDA:9,2,0,2
BRDA:9,2,1,2
BRDA:9,2,2,1
BRDA:13,3,0,1
BRDA:13,3,1,6
BRDA:13,4,0,7
BRDA:13,4,1,7
BRDA:15,5,0,6
BRDA:15,5,1,0
BRDA:19,6,0,2
BRDA:19,6,1,11
BRDA:19,7,0,13
BRDA:19,7,1,11
BRDA:19,7,2,11
BRDA:21,8,0,2
BRDA:21,8,1,9
BRDA:21,9,0,11
BRDA:21,9,1,9
BRDA:21,9,2,9
BRDA:25,10,0,6
BRDA:25,10,1,3
BRDA:26,11,0,9
BRDA:26,11,1,9
BRDA:26,11,2,8
BRDA:26,11,3,8
BRDA:26,11,4,7
BRDA:26,11,5,6
BRDA:26,11,6,5
BRF:32
BRH:31
end_of_record
TN:
SF:src/auth/oauth.ts
FN:60,base64Url
FN:69,generatePKCE
FN:80,validateEndpoint
FN:113,discover
FN:170,parseCallbackParams
FN:187,parseManualCallback
FN:204,closeCallbackServer
FN:208,(anonymous_7)
FN:208,(anonymous_8)
FN:213,startCallbackServer
FN:222,(anonymous_10)
FN:226,(anonymous_11)
FN:232,(anonymous_12)
FN:267,(anonymous_13)
FN:274,(anonymous_14)
FN:275,(anonymous_15)
FN:277,(anonymous_16)
FN:284,(anonymous_17)
FN:296,(anonymous_18)
FN:297,(anonymous_19)
FN:308,(anonymous_20)
FN:315,(anonymous_21)
FN:317,(anonymous_22)
FN:322,(anonymous_23)
FN:331,(anonymous_24)
FN:342,fetchTokenResponse
FN:349,(anonymous_26)
FN:370,tokenResponseText
FN:378,tokenResponseJson
FN:393,tokenResponsePayload
FN:402,credentialsFromLoginPayload
FN:432,exchangeCode
FN:466,sleep
FN:468,(anonymous_33)
FN:469,(anonymous_34)
FN:473,(anonymous_35)
FN:481,readPositiveNumber
FN:492,requestDeviceCode
FN:533,loginWithDeviceCode
FN:563,(anonymous_39)
FN:611,loginWithBrowserCallback
FN:622,login
FN:697,(anonymous_42)
FN:705,(anonymous_43)
FN:740,refresh
FNF:45
FNH:41
FNDA:116,base64Url
FNDA:29,generatePKCE
FNDA:106,validateEndpoint
FNDA:42,discover
FNDA:30,parseCallbackParams
FNDA:8,parseManualCallback
FNDA:31,closeCallbackServer
FNDA:30,(anonymous_7)
FNDA:30,(anonymous_8)
FNDA:29,startCallbackServer
FNDA:29,(anonymous_10)
FNDA:27,(anonymous_11)
FNDA:26,(anonymous_12)
FNDA:21,(anonymous_13)
FNDA:29,(anonymous_14)
FNDA:29,(anonymous_15)
FNDA:29,(anonymous_16)
FNDA:29,(anonymous_17)
FNDA:0,(anonymous_18)
FNDA:0,(anonymous_19)
FNDA:9,(anonymous_20)
FNDA:29,(anonymous_21)
FNDA:1,(anonymous_22)
FNDA:1,(anonymous_23)
FNDA:28,(anonymous_24)
FNDA:48,fetchTokenResponse
FNDA:0,(anonymous_26)
FNDA:10,tokenResponseText
FNDA:36,tokenResponseJson
FNDA:5,tokenResponsePayload
FNDA:22,credentialsFromLoginPayload
FNDA:24,exchangeCode
FNDA:7,sleep
FNDA:7,(anonymous_33)
FNDA:1,(anonymous_34)
FNDA:6,(anonymous_35)
FNDA:11,readPositiveNumber
FNDA:8,requestDeviceCode
FNDA:8,loginWithDeviceCode
FNDA:8,(anonymous_39)
FNDA:29,loginWithBrowserCallback
FNDA:39,login
FNDA:9,(anonymous_42)
FNDA:0,(anonymous_43)
FNDA:16,refresh
DA:19,11
DA:20,11
DA:21,11
DA:23,11
DA:25,11
DA:26,11
DA:27,11
DA:28,11
DA:30,11
DA:31,11
DA:61,116
DA:62,116
DA:63,2784
DA:64,116
DA:73,29
DA:74,29
DA:75,29
DA:82,106
DA:83,106
DA:85,0
DA:90,106
DA:91,1
DA:96,105
DA:97,105
DA:103,1
DA:108,104
DA:115,42
DA:116,42
DA:121,1
DA:126,41
DA:127,1
DA:133,40
DA:134,40
DA:136,1
DA:141,39
DA:145,42
DA:146,42
DA:152,42
DA:171,30
DA:172,30
DA:173,28
DA:175,25
DA:181,30
DA:182,0
DA:184,25
DA:188,8
DA:189,8
DA:190,7
DA:191,7
DA:192,7
DA:193,2
DA:195,5
DA:196,1
DA:198,4
DA:202,11
DA:205,31
DA:206,31
DA:207,30
DA:208,30
DA:209,30
DA:210,30
DA:221,29
DA:222,29
DA:223,29
DA:224,29
DA:226,29
DA:227,27
DA:228,27
DA:229,27
DA:232,29
DA:233,26
DA:234,26
DA:235,26
DA:236,1
DA:237,1
DA:238,1
DA:239,1
DA:240,1
DA:242,26
DA:243,1
DA:244,1
DA:245,1
DA:248,25
DA:249,26
DA:250,1
DA:251,1
DA:252,1
DA:255,24
DA:256,24
DA:257,3
DA:258,3
DA:259,3
DA:262,21
DA:263,26
DA:264,26
DA:267,26
DA:269,0
DA:270,0
DA:274,29
DA:275,29
DA:276,29
DA:277,29
DA:278,29
DA:279,29
DA:280,29
DA:284,29
DA:286,29
DA:287,29
DA:289,0
DA:290,0
DA:292,0
DA:293,0
DA:296,0
DA:297,0
DA:304,29
DA:305,29
DA:309,9
DA:310,8
DA:311,8
DA:312,5
DA:313,5
DA:316,29
DA:317,28
DA:318,1
DA:319,1
DA:320,1
DA:322,28
DA:324,1
DA:330,28
DA:331,29
DA:332,28
DA:333,28
DA:348,48
DA:349,48
DA:350,48
DA:351,48
DA:361,2
DA:366,48
DA:371,10
DA:372,10
DA:374,0
DA:383,36
DA:384,36
DA:386,2
DA:394,5
DA:395,5
DA:396,5
DA:398,1
DA:408,22
DA:409,22
DA:410,22
DA:411,1
DA:413,21
DA:414,1
DA:417,20
DA:420,22
DA:438,24
DA:450,23
DA:451,1
DA:456,22
DA:467,7
DA:468,7
DA:469,7
DA:470,1
DA:471,1
DA:473,7
DA:474,6
DA:475,6
DA:477,7
DA:482,11
DA:483,11
DA:484,1
DA:489,10
DA:493,8
DA:502,8
DA:503,1
DA:508,7
DA:513,7
DA:514,8
DA:515,8
DA:518,8
DA:519,1
DA:524,6
DA:537,8
DA:538,0
DA:544,8
DA:547,8
DA:548,0
DA:553,8
DA:554,5
DA:560,5
DA:562,8
DA:563,8
DA:564,8
DA:565,1
DA:570,7
DA:571,6
DA:581,6
DA:582,1
DA:592,1
DA:593,1
DA:596,5
DA:597,5
DA:598,3
DA:599,2
DA:608,8
DA:612,29
DA:613,29
DA:614,29
DA:615,29
DA:617,29
DA:630,39
DA:634,38
DA:637,39
DA:647,39
DA:648,3
DA:649,2
DA:650,2
DA:652,1
DA:658,37
DA:659,37
DA:661,39
DA:672,39
DA:673,37
DA:675,29
DA:676,29
DA:677,29
DA:678,29
DA:679,29
DA:680,29
DA:681,29
DA:682,29
DA:683,29
DA:684,29
DA:685,29
DA:686,29
DA:687,29
DA:689,29
DA:694,29
DA:695,10
DA:698,9
DA:699,9
DA:700,3
DA:705,0
DA:708,29
DA:710,27
DA:712,3
DA:716,3
DA:718,24
DA:719,0
DA:725,24
DA:731,19
DA:732,19
DA:734,29
DA:743,16
DA:745,16
DA:746,16
DA:748,16
DA:749,1
DA:756,10
DA:767,9
DA:768,3
DA:769,3
DA:776,6
DA:777,5
DA:778,16
DA:779,1
DA:786,4
DA:788,16
DA:792,16
LF:270
LH:255
BRDA:23,0,0,11
BRDA:23,0,1,11
BRDA:25,1,0,11
BRDA:25,1,1,11
BRDA:26,2,0,11
BRDA:26,2,1,11
BRDA:32,3,0,11
BRDA:32,3,1,11
BRDA:61,4,0,87
BRDA:61,4,1,29
BRDA:90,5,0,1
BRDA:90,5,1,105
BRDA:97,6,0,1
BRDA:97,6,1,104
BRDA:98,7,0,105
BRDA:98,7,1,105
BRDA:98,7,2,8
BRDA:98,7,3,1
BRDA:122,8,0,1
BRDA:122,8,1,0
BRDA:126,9,0,1
BRDA:126,9,1,40
BRDA:137,10,0,1
BRDA:137,10,1,0
BRDA:142,11,0,39
BRDA:142,11,1,0
BRDA:145,12,0,42
BRDA:145,12,1,0
BRDA:146,13,0,11
BRDA:146,13,1,27
BRDA:155,14,0,11
BRDA:155,14,1,27
BRDA:171,15,0,30
BRDA:171,15,1,2
BRDA:172,16,0,2
BRDA:172,16,1,28
BRDA:173,17,0,3
BRDA:173,17,1,25
BRDA:176,18,0,25
BRDA:176,18,1,2
BRDA:178,19,0,30
BRDA:178,19,1,23
BRDA:179,20,0,30
BRDA:179,20,1,23
BRDA:181,21,0,0
BRDA:181,21,1,30
BRDA:181,22,0,30
BRDA:181,22,1,2
BRDA:189,23,0,1
BRDA:189,23,1,7
BRDA:192,24,0,0
BRDA:192,24,1,7
BRDA:195,25,0,1
BRDA:195,25,1,4
BRDA:195,26,0,5
BRDA:195,26,1,2
BRDA:206,27,0,1
BRDA:206,27,1,30
BRDA:207,28,0,0
BRDA:207,28,1,30
BRDA:227,29,0,0
BRDA:227,29,1,27
BRDA:235,30,0,1
BRDA:235,30,1,25
BRDA:235,31,0,26
BRDA:235,31,1,26
BRDA:242,32,0,1
BRDA:242,32,1,25
BRDA:248,33,0,25
BRDA:248,33,1,0
BRDA:249,34,0,1
BRDA:249,34,1,25
BRDA:256,35,0,3
BRDA:256,35,1,21
BRDA:262,36,0,1
BRDA:262,36,1,20
BRDA:264,37,0,1
BRDA:264,37,1,20
BRDA:280,38,0,29
BRDA:280,38,1,0
BRDA:280,39,0,29
BRDA:280,39,1,29
BRDA:292,40,0,0
BRDA:292,40,1,0
BRDA:292,41,0,0
BRDA:292,41,1,0
BRDA:309,42,0,1
BRDA:309,42,1,8
BRDA:311,43,0,3
BRDA:311,43,1,5
BRDA:316,44,0,1
BRDA:316,44,1,28
BRDA:318,45,0,0
BRDA:318,45,1,1
BRDA:362,46,0,2
BRDA:362,46,1,0
BRDA:374,47,0,0
BRDA:374,47,1,0
BRDA:387,48,0,2
BRDA:387,48,1,0
BRDA:408,49,0,22
BRDA:408,49,1,1
BRDA:409,50,0,22
BRDA:409,50,1,1
BRDA:410,51,0,1
BRDA:410,51,1,21
BRDA:413,52,0,1
BRDA:413,52,1,20
BRDA:417,53,0,4
BRDA:417,53,1,16
BRDA:419,54,0,16
BRDA:419,54,1,16
BRDA:426,55,0,22
BRDA:426,55,1,18
BRDA:427,56,0,22
BRDA:427,56,1,18
BRDA:450,57,0,1
BRDA:450,57,1,22
BRDA:467,58,0,0
BRDA:467,58,1,7
BRDA:482,59,0,10
BRDA:482,59,1,1
BRDA:482,60,0,1
BRDA:482,60,1,0
BRDA:483,61,0,1
BRDA:483,61,1,10
BRDA:483,62,0,11
BRDA:483,62,1,10
BRDA:502,63,0,1
BRDA:502,63,1,7
BRDA:513,64,0,7
BRDA:513,64,1,0
BRDA:514,65,0,8
BRDA:514,65,1,1
BRDA:516,66,0,8
BRDA:516,66,1,1
BRDA:516,66,2,1
BRDA:518,67,0,1
BRDA:518,67,1,7
BRDA:518,68,0,8
BRDA:518,68,1,7
BRDA:518,68,2,6
BRDA:537,69,0,0
BRDA:537,69,1,8
BRDA:544,70,0,8
BRDA:544,70,1,0
BRDA:547,71,0,0
BRDA:547,71,1,8
BRDA:564,72,0,1
BRDA:564,72,1,7
BRDA:581,73,0,1
BRDA:581,73,1,5
BRDA:597,74,0,2
BRDA:597,74,1,3
BRDA:598,75,0,1
BRDA:598,75,1,2
BRDA:601,76,0,2
BRDA:601,76,1,0
BRDA:601,76,2,0
BRDA:604,77,0,8
BRDA:604,77,1,1
BRDA:624,78,0,39
BRDA:630,79,0,1
BRDA:630,79,1,38
BRDA:632,80,0,38
BRDA:632,80,1,0
BRDA:634,81,0,38
BRDA:634,81,1,14
BRDA:637,82,0,4
BRDA:637,82,1,35
BRDA:637,83,0,39
BRDA:637,83,1,4
BRDA:642,84,0,2
BRDA:642,84,1,2
BRDA:647,85,0,3
BRDA:647,85,1,36
BRDA:647,86,0,39
BRDA:647,86,1,4
BRDA:648,87,0,1
BRDA:648,87,1,2
BRDA:659,88,0,37
BRDA:659,88,1,11
BRDA:661,89,0,1
BRDA:661,89,1,36
BRDA:661,90,0,39
BRDA:661,90,1,36
BRDA:663,91,0,10
BRDA:663,91,1,26
BRDA:672,92,0,0
BRDA:672,92,1,39
BRDA:673,93,0,8
BRDA:673,93,1,29
BRDA:694,94,0,10
BRDA:694,94,1,19
BRDA:699,95,0,3
BRDA:699,95,1,6
BRDA:710,96,0,3
BRDA:710,96,1,24
BRDA:712,97,0,1
BRDA:712,97,1,2
BRDA:712,98,0,3
BRDA:712,98,1,3
BRDA:716,99,0,3
BRDA:716,99,1,0
BRDA:718,100,0,0
BRDA:718,100,1,24
BRDA:745,101,0,16
BRDA:745,101,1,6
BRDA:745,101,2,5
BRDA:748,102,0,1
BRDA:748,102,1,15
BRDA:767,103,0,3
BRDA:767,103,1,6
BRDA:768,104,0,3
BRDA:768,104,1,3
BRDA:768,104,2,1
BRDA:777,105,0,5
BRDA:777,105,1,1
BRDA:778,106,0,1
BRDA:778,106,1,15
BRDA:786,107,0,4
BRDA:786,107,1,2
BRDA:788,108,0,1
BRDA:788,108,1,3
BRDA:790,109,0,3
BRDA:790,109,1,2
BRDA:798,110,0,16
BRDA:798,110,1,3
BRDA:798,110,2,2
BRDA:799,111,0,16
BRDA:799,111,1,3
BRDA:799,111,2,2
BRF:232
BRH:201
end_of_record
TN:
SF:src/imagine/aspect.ts
FN:18,normalizeAspectRatio
FNF:1
FNH:1
FNDA:32,normalizeAspectRatio
DA:1,44
DA:19,32
DA:20,32
DA:21,30
DA:23,2
LF:5
LH:5
BRDA:18,0,0,32
BRDA:20,1,0,30
BRDA:20,1,1,2
BRF:3
BRH:3
end_of_record
TN:
SF:src/imagine/auth.ts
FN:4,resolveImagineToken
FNF:1
FNH:1
FNDA:8,resolveImagineToken
DA:5,8
DA:9,41
LF:2
LH:2
BRF:0
BRH:0
end_of_record
TN:
SF:src/imagine/generate.ts
FN:9,timeoutSignal
FN:11,(anonymous_1)
FN:15,(anonymous_2)
FN:20,(anonymous_3)
FN:27,delay
FN:28,(anonymous_5)
FN:31,(anonymous_6)
FN:40,retryable
FN:44,errorDetail
FN:45,(anonymous_9)
FN:55,httpError
FN:68,fetchError
FN:75,requestWithRetry
FN:96,generateImage
FNF:14
FNH:9
FNDA:6,timeoutSignal
FNDA:0,(anonymous_1)
FNDA:0,(anonymous_2)
FNDA:6,(anonymous_3)
FNDA:2,delay
FNDA:2,(anonymous_5)
FNDA:0,(anonymous_6)
FNDA:3,retryable
FNDA:3,errorDetail
FNDA:0,(anonymous_9)
FNDA:1,httpError
FNDA:0,fetchError
FNDA:4,requestWithRetry
FNDA:4,generateImage
DA:5,42
DA:6,42
DA:7,42
DA:10,6
DA:11,6
DA:12,0
DA:15,6
DA:16,6
DA:17,6
DA:18,6
DA:21,6
DA:22,6
DA:28,2
DA:29,2
DA:30,2
DA:31,0
DA:32,0
DA:33,0
DA:35,0
DA:36,0
DA:41,3
DA:45,3
DA:46,3
DA:47,3
DA:48,3
DA:49,3
DA:51,3
DA:56,1
DA:57,1
DA:58,1
DA:60,0
DA:61,0
DA:62,0
DA:63,0
DA:64,0
DA:65,0
DA:69,0
DA:70,0
DA:71,0
DA:72,0
DA:76,4
DA:77,6
DA:78,6
DA:79,6
DA:80,6
DA:81,3
DA:82,3
DA:83,1
DA:86,1
DA:87,0
DA:89,6
DA:91,2
DA:93,0
DA:105,4
DA:128,3
DA:129,3
DA:130,4
DA:131,1
DA:132,2
LF:59
LH:41
BRDA:15,0,0,0
BRDA:15,0,1,0
BRDA:16,1,0,0
BRDA:16,1,1,6
BRDA:30,2,0,2
BRDA:30,2,1,0
BRDA:35,3,0,0
BRDA:35,3,1,0
BRDA:41,4,0,3
BRDA:41,4,1,3
BRDA:41,4,2,3
BRDA:41,4,3,3
BRDA:41,4,4,3
BRDA:46,5,0,0
BRDA:46,5,1,3
BRDA:49,6,0,3
BRDA:49,6,1,0
BRDA:49,6,2,0
BRDA:56,7,0,1
BRDA:56,7,1,0
BRDA:57,8,0,1
BRDA:57,8,1,0
BRDA:57,9,0,1
BRDA:57,9,1,0
BRDA:60,10,0,0
BRDA:60,10,1,0
BRDA:61,11,0,0
BRDA:61,11,1,0
BRDA:63,12,0,0
BRDA:63,12,1,0
BRDA:69,13,0,0
BRDA:69,13,1,0
BRDA:70,14,0,0
BRDA:70,14,1,0
BRDA:71,15,0,0
BRDA:71,15,1,0
BRDA:77,16,0,6
BRDA:77,16,1,6
BRDA:80,17,0,3
BRDA:80,17,1,3
BRDA:82,18,0,1
BRDA:82,18,1,2
BRDA:82,19,0,3
BRDA:82,19,1,2
BRDA:86,20,0,1
BRDA:86,20,1,0
BRDA:86,21,0,1
BRDA:86,21,1,1
BRDA:87,22,0,0
BRDA:87,22,1,0
BRDA:87,23,0,0
BRDA:87,23,1,0
BRDA:91,24,0,2
BRDA:91,24,1,2
BRDA:106,25,0,4
BRDA:106,25,1,0
BRDA:107,26,0,4
BRDA:107,26,1,4
BRDA:107,26,2,4
BRDA:118,27,0,4
BRDA:118,27,1,4
BRDA:122,28,0,4
BRDA:122,28,1,4
BRDA:130,29,0,1
BRDA:130,29,1,3
BRDA:130,30,0,4
BRDA:130,30,1,2
BRF:67
BRH:37
end_of_record
TN:
SF:src/imagine/parseArgs.ts
FN:3,tokenize
FN:5,(anonymous_1)
FN:12,parseImagineArgs
FNF:3
FNH:3
FNDA:13,tokenize
FNDA:31,(anonymous_1)
FNDA:13,parseImagineArgs
DA:4,13
DA:5,13
DA:6,31
DA:13,13
DA:14,13
DA:15,13
DA:16,13
DA:24,13
DA:25,22
DA:26,22
DA:27,12
DA:28,12
DA:30,10
DA:31,10
DA:32,9
DA:33,9
DA:34,8
DA:35,8
DA:38,11
DA:39,9
DA:40,13
DA:41,8
LF:22
LH:22
BRDA:4,0,0,13
BRDA:4,0,1,2
BRDA:6,1,0,1
BRDA:6,1,1,30
BRDA:6,2,0,31
BRDA:6,2,1,1
BRDA:6,2,2,30
BRDA:6,2,3,0
BRDA:26,3,0,12
BRDA:26,3,1,10
BRDA:31,4,0,1
BRDA:31,4,1,9
BRDA:33,5,0,1
BRDA:33,5,1,8
BRDA:33,6,0,9
BRDA:33,6,1,8
BRDA:38,7,0,2
BRDA:38,7,1,9
BRDA:39,8,0,9
BRDA:39,8,1,7
BRDA:40,9,0,1
BRDA:40,9,1,12
BRDA:44,10,0,3
BRDA:44,10,1,5
BRF:24
BRH:23
end_of_record
TN:
SF:src/imagine/preview.ts
FN:8,unavailable
FN:15,imagePreview
FN:37,(anonymous_2)
FNF:3
FNH:2
FNDA:2,unavailable
FNDA:5,imagePreview
FNDA:0,(anonymous_2)
DA:9,2
DA:10,2
DA:11,2
DA:12,2
DA:23,5
DA:24,5
DA:25,5
DA:26,2
DA:28,3
DA:29,5
DA:30,5
DA:31,5
DA:32,5
DA:33,5
DA:37,0
DA:41,5
DA:43,0
LF:17
LH:15
BRDA:24,0,0,0
BRDA:24,0,1,5
BRDA:25,1,0,2
BRDA:25,1,1,3
BRDA:25,2,0,5
BRDA:25,2,1,3
BRDA:26,3,0,2
BRDA:26,3,1,1
BRDA:28,4,0,3
BRDA:28,4,1,1
BRDA:29,5,0,2
BRDA:29,5,1,1
BRDA:45,6,0,0
BRDA:45,6,1,0
BRF:14
BRH:11
end_of_record
TN:
SF:src/imagine/register.ts
FN:16,applyImageToolPreference
FN:22,(anonymous_1)
FN:25,(anonymous_2)
FN:39,registerImagineFeature
FN:43,(anonymous_4)
FN:61,(anonymous_5)
FN:105,(anonymous_6)
FNF:7
FNH:6
FNDA:5,applyImageToolPreference
FNDA:7,(anonymous_1)
FNDA:5,(anonymous_2)
FNDA:55,registerImagineFeature
FNDA:0,(anonymous_4)
FNDA:6,(anonymous_5)
FNDA:8,(anonymous_6)
DA:14,40
DA:17,5
DA:18,5
DA:22,7
DA:23,5
DA:25,5
DA:27,2
DA:29,3
DA:43,55
DA:44,0
DA:45,0
DA:52,0
DA:53,0
DA:54,0
DA:55,0
DA:56,0
DA:59,55
DA:62,6
DA:63,6
DA:64,6
DA:65,6
DA:80,4
DA:87,4
DA:88,0
DA:93,4
DA:94,2
DA:96,4
DA:98,2
DA:103,55
DA:106,8
DA:107,8
DA:108,1
DA:109,1
DA:111,7
DA:112,7
DA:113,7
DA:114,1
DA:118,1
DA:121,6
DA:122,8
DA:123,8
DA:125,1
DA:129,1
DA:131,5
DA:132,5
DA:136,55
LF:46
LH:38
BRDA:18,0,0,2
BRDA:18,0,1,3
BRDA:19,1,0,1
BRDA:19,1,1,1
BRDA:23,2,0,2
BRDA:23,2,1,3
BRDA:24,3,0,5
BRDA:24,3,1,2
BRDA:41,4,0,55
BRDA:44,5,0,0
BRDA:44,5,1,0
BRDA:52,6,0,0
BRDA:52,6,1,0
BRDA:52,7,0,0
BRDA:52,7,1,0
BRDA:72,8,0,1
BRDA:72,8,1,4
BRDA:73,9,0,0
BRDA:73,9,1,1
BRDA:87,10,0,0
BRDA:87,10,1,4
BRDA:93,11,0,2
BRDA:93,11,1,2
BRDA:98,12,0,2
BRDA:98,12,1,0
BRDA:107,13,0,1
BRDA:107,13,1,7
BRDA:107,14,0,8
BRDA:107,14,1,6
BRDA:107,14,2,5
BRDA:107,14,3,2
BRDA:112,15,0,0
BRDA:112,15,1,7
BRDA:113,16,0,1
BRDA:113,16,1,6
BRDA:115,17,0,1
BRDA:115,17,1,0
BRDA:115,18,0,0
BRDA:115,18,1,1
BRDA:121,19,0,4
BRDA:121,19,1,2
BRDA:126,20,0,1
BRDA:126,20,1,0
BRDA:132,21,0,2
BRDA:132,21,1,3
BRF:45
BRH:32
end_of_record
TN:
SF:src/imagine/save.ts
FN:6,nextImagePath
FN:9,(anonymous_1)
FN:10,(anonymous_2)
FN:15,writeNumberedImage
FN:28,saveImage
FN:63,savePreviewImage
FNF:6
FNH:6
FNDA:10,nextImagePath
FNDA:11,(anonymous_1)
FNDA:11,(anonymous_2)
FNDA:10,writeNumberedImage
FNDA:9,saveImage
FNDA:8,savePreviewImage
DA:7,10
DA:8,10
DA:9,11
DA:10,11
DA:12,10
DA:16,10
DA:17,10
DA:18,10
DA:19,7
DA:21,3
DA:22,3
DA:24,0
DA:35,9
DA:36,9
DA:37,1
DA:39,8
DA:40,9
DA:48,7
DA:49,8
DA:50,8
DA:51,8
DA:72,8
DA:77,8
DA:80,8
DA:81,8
DA:82,8
DA:83,8
LF:27
LH:26
BRDA:21,0,0,3
BRDA:21,0,1,0
BRDA:36,1,0,1
BRDA:36,1,1,8
BRDA:36,2,0,9
BRDA:36,2,1,8
BRDA:39,3,0,8
BRDA:39,3,1,7
BRDA:39,3,2,6
BRDA:40,4,0,1
BRDA:40,4,1,7
BRDA:43,5,0,6
BRDA:43,5,1,1
BRDA:43,6,0,7
BRDA:43,6,1,6
BRDA:45,7,0,1
BRDA:45,7,1,0
BRDA:49,8,0,1
BRDA:49,8,1,7
BRDA:53,9,0,1
BRDA:53,9,1,7
BRDA:54,10,0,1
BRDA:54,10,1,0
BRDA:72,11,0,3
BRDA:72,11,1,5
BRDA:73,12,0,3
BRDA:73,12,1,0
BRDA:73,13,0,3
BRDA:73,13,1,3
BRDA:75,14,0,0
BRDA:75,14,1,0
BRDA:77,15,0,3
BRDA:77,15,1,5
BRF:33
BRH:27
end_of_record
TN:
SF:src/imagine/tool.ts
FN:32,errorResult
FN:40,registerImageGenTool
FN:54,execute
FN:88,renderCall
FN:98,renderResult
FNF:5
FNH:5
FNDA:3,errorResult
FNDA:62,registerImageGenTool
FNDA:5,execute
FNDA:1,renderCall
FNDA:2,renderResult
DA:12,41
DA:33,3
DA:34,3
DA:44,62
DA:55,5
DA:56,5
DA:57,5
DA:58,4
DA:59,4
DA:63,2
DA:85,3
DA:89,1
DA:90,1
DA:99,2
DA:100,1
DA:101,0
DA:103,1
DA:105,1
DA:108,2
LF:19
LH:18
BRDA:33,0,0,3
BRDA:33,0,1,0
BRDA:42,1,0,62
BRDA:57,2,0,1
BRDA:57,2,1,4
BRDA:89,3,0,0
BRDA:89,3,1,1
BRDA:93,4,0,1
BRDA:93,4,1,1
BRDA:99,5,0,1
BRDA:99,5,1,1
BRDA:100,6,0,0
BRDA:100,6,1,1
BRDA:103,7,0,0
BRDA:103,7,1,1
BRDA:105,8,0,1
BRDA:105,8,1,0
BRDA:105,9,0,1
BRDA:105,9,1,1
BRF:19
BRH:14
end_of_record
TN:
SF:src/imagine/workflow.ts
FN:26,generateAndSaveImage
FNF:1
FNH:1
FNDA:8,generateAndSaveImage
DA:14,41
DA:37,8
DA:38,8
DA:39,6
DA:46,6
DA:47,6
DA:53,6
DA:54,6
DA:55,6
DA:56,2
DA:58,4
DA:70,3
LF:12
LH:12
BRDA:38,0,0,2
BRDA:38,0,1,6
BRDA:49,1,0,6
BRDA:49,1,1,0
BRDA:50,2,0,6
BRDA:50,2,1,0
BRDA:55,3,0,2
BRDA:55,3,1,4
BRDA:64,4,0,4
BRDA:64,4,1,0
BRDA:65,5,0,4
BRDA:65,5,1,0
BRDA:72,6,0,3
BRDA:72,6,1,0
BRF:14
BRH:9
end_of_record
TN:
SF:src/models/catalog.ts
FN:138,(anonymous_0)
FN:141,(anonymous_1)
FN:143,(anonymous_2)
FN:146,supportsReasoning
FN:150,supportsReasoningEffort
FN:153,(anonymous_5)
FN:158,(anonymous_6)
FN:167,resolveModels
FN:170,(anonymous_8)
FN:174,(anonymous_9)
FN:175,(anonymous_10)
FNF:11
FNH:10
FNDA:41,(anonymous_0)
FNDA:32,(anonymous_1)
FNDA:84,(anonymous_2)
FNDA:23,supportsReasoning
FNDA:9,supportsReasoningEffort
FNDA:40,(anonymous_5)
FNDA:0,(anonymous_6)
FNDA:548,resolveModels
FNDA:554,(anonymous_8)
FNDA:16,(anonymous_9)
FNDA:6,(anonymous_10)
DA:7,55
DA:8,55
DA:9,55
DA:10,55
DA:12,55
DA:13,55
DA:39,55
DA:130,55
DA:138,55
DA:141,55
DA:142,32
DA:143,84
DA:147,23
DA:151,9
DA:152,9
DA:153,40
DA:154,5
DA:156,4
DA:157,4
DA:158,0
DA:168,548
DA:170,554
DA:172,548
DA:174,16
DA:175,2
DA:177,6
LF:26
LH:25
BRDA:139,0,0,41
BRDA:139,0,1,0
BRDA:147,1,0,23
BRDA:147,1,1,0
BRDA:153,2,0,5
BRDA:153,2,1,4
BRDA:156,3,0,0
BRDA:156,3,1,4
BRDA:157,4,0,4
BRDA:157,4,1,0
BRDA:158,5,0,0
BRDA:158,5,1,0
BRDA:168,6,0,548
BRDA:168,6,1,546
BRDA:172,7,0,546
BRDA:172,7,1,2
BRDA:177,8,0,6
BRDA:177,8,1,2
BRF:18
BRH:12
end_of_record
TN:
SF:src/payload/sanitize.ts
FN:31,textFromContent
FN:35,(anonymous_1)
FN:50,stripShellQuotes
FN:62,unescapeShellPath
FN:66,imageMimeTypeForPath
FN:78,ensurePathWithinWorkspace
FN:87,resolveLocalImagePath
FN:105,normalizeImageInput
FN:125,isInputImagePart
FN:133,getImageUrlAndDetail
FN:145,normalizeImageParts
FN:146,(anonymous_11)
FN:181,rewriteFunctionCallOutput
FN:197,(anonymous_13)
FN:229,normalizeReasoningContent
FN:234,(anonymous_15)
FN:255,sanitizePayload
FN:266,(anonymous_17)
FN:287,(anonymous_18)
FN:297,(anonymous_19)
FN:342,(anonymous_20)
FNF:21
FNH:21
FNDA:5,textFromContent
FNDA:2,(anonymous_1)
FNDA:18,stripShellQuotes
FNDA:8,unescapeShellPath
FNDA:5,imageMimeTypeForPath
FNDA:6,ensurePathWithinWorkspace
FNDA:8,resolveLocalImagePath
FNDA:10,normalizeImageInput
FNDA:8,isInputImagePart
FNDA:11,getImageUrlAndDetail
FNDA:77,normalizeImageParts
FNDA:45,(anonymous_11)
FNDA:14,rewriteFunctionCallOutput
FNDA:4,(anonymous_13)
FNDA:6,normalizeReasoningContent
FNDA:9,(anonymous_15)
FNDA:23,sanitizePayload
FNDA:33,(anonymous_17)
FNDA:32,(anonymous_18)
FNDA:8,(anonymous_19)
FNDA:12,(anonymous_20)
DA:27,40
DA:32,5
DA:33,1
DA:34,1
DA:36,2
DA:37,2
DA:38,2
DA:39,2
DA:40,2
DA:51,18
DA:52,18
DA:57,1
DA:59,17
DA:63,8
DA:67,5
DA:70,2
DA:72,2
DA:74,1
DA:79,6
DA:80,6
DA:81,6
DA:82,1
DA:84,5
DA:88,8
DA:89,8
DA:91,8
DA:92,2
DA:93,2
DA:94,2
DA:96,1
DA:100,6
DA:102,8
DA:106,10
DA:107,10
DA:109,10
DA:110,2
DA:113,8
DA:114,8
DA:115,2
DA:118,5
DA:119,5
DA:120,5
DA:126,8
DA:137,11
DA:138,1
DA:139,1
DA:142,10
DA:146,77
DA:147,45
DA:149,44
DA:151,44
DA:152,1
DA:159,43
DA:160,1
DA:161,1
DA:162,1
DA:163,1
DA:166,43
DA:167,10
DA:168,10
DA:169,10
DA:170,6
DA:171,6
DA:174,39
DA:175,35
DA:176,35
DA:182,14
DA:184,14
DA:185,23
DA:191,21
DA:192,21
DA:195,2
DA:196,2
DA:197,4
DA:199,2
DA:200,2
DA:201,3
DA:202,1
DA:203,2
DA:204,2
DA:205,2
DA:208,2
DA:209,2
DA:211,2
DA:212,23
DA:214,23
DA:215,1
DA:216,1
DA:217,1
DA:224,14
DA:230,6
DA:231,1
DA:233,5
DA:234,2
DA:235,9
DA:236,1
DA:238,8
DA:239,5
DA:240,5
DA:241,0
DA:243,5
DA:244,2
DA:246,2
DA:261,23
DA:264,23
DA:265,18
DA:267,33
DA:268,33
DA:270,33
DA:271,6
DA:272,6
DA:273,6
DA:274,6
DA:278,33
DA:280,32
DA:286,18
DA:287,18
DA:288,32
DA:289,32
DA:290,5
DA:291,5
DA:292,5
DA:294,18
DA:296,3
DA:297,8
DA:298,3
DA:302,18
DA:305,18
DA:307,18
DA:308,5
DA:313,19
DA:314,2
DA:315,2
DA:320,19
DA:323,23
DA:324,23
DA:326,23
DA:327,19
DA:328,4
DA:329,4
DA:330,1
DA:331,1
DA:333,4
DA:334,4
DA:335,4
DA:339,19
DA:340,8
DA:341,8
DA:342,8
DA:343,12
DA:344,8
DA:345,6
DA:346,6
DA:348,8
DA:349,8
DA:350,11
DA:351,1
DA:353,19
DA:355,19
DA:358,19
DA:359,8
DA:362,19
LF:162
LH:161
BRDA:32,0,0,4
BRDA:32,0,1,1
BRDA:33,1,0,0
BRDA:33,1,1,1
BRDA:36,2,0,0
BRDA:36,2,1,2
BRDA:37,3,0,0
BRDA:37,3,1,2
BRDA:37,4,0,2
BRDA:37,4,1,2
BRDA:39,5,0,2
BRDA:39,5,1,0
BRDA:40,6,0,2
BRDA:40,6,1,0
BRDA:40,7,0,2
BRDA:40,7,1,2
BRDA:52,8,0,1
BRDA:52,8,1,17
BRDA:53,9,0,18
BRDA:53,9,1,18
BRDA:53,9,2,0
BRDA:53,9,3,18
BRDA:53,9,4,1
BRDA:67,10,0,1
BRDA:67,10,1,2
BRDA:67,10,2,2
BRDA:67,10,3,1
BRDA:81,11,0,1
BRDA:81,11,1,5
BRDA:81,12,0,6
BRDA:81,12,1,6
BRDA:89,13,0,0
BRDA:89,13,1,8
BRDA:91,14,0,2
BRDA:91,14,1,6
BRDA:94,15,0,1
BRDA:94,15,1,0
BRDA:100,16,0,4
BRDA:100,16,1,2
BRDA:102,17,0,5
BRDA:102,17,1,1
BRDA:106,18,0,0
BRDA:106,18,1,10
BRDA:106,19,0,10
BRDA:106,19,1,10
BRDA:109,20,0,2
BRDA:109,20,1,8
BRDA:109,21,0,10
BRDA:109,21,1,9
BRDA:114,22,0,2
BRDA:114,22,1,6
BRDA:127,23,0,8
BRDA:127,23,1,8
BRDA:127,23,2,6
BRDA:137,24,0,1
BRDA:137,24,1,10
BRDA:137,25,0,11
BRDA:137,25,1,1
BRDA:146,26,0,32
BRDA:146,26,1,45
BRDA:147,27,0,1
BRDA:147,27,1,44
BRDA:147,28,0,45
BRDA:147,28,1,45
BRDA:151,29,0,1
BRDA:151,29,1,43
BRDA:151,30,0,44
BRDA:151,30,1,1
BRDA:151,30,2,1
BRDA:155,31,0,0
BRDA:155,31,1,1
BRDA:155,32,0,1
BRDA:155,32,1,0
BRDA:159,33,0,1
BRDA:159,33,1,42
BRDA:163,34,0,1
BRDA:163,34,1,0
BRDA:163,35,0,1
BRDA:163,35,1,1
BRDA:166,36,0,10
BRDA:166,36,1,33
BRDA:169,37,0,6
BRDA:169,37,1,4
BRDA:170,38,0,1
BRDA:170,38,1,5
BRDA:170,39,0,6
BRDA:170,39,1,1
BRDA:171,40,0,5
BRDA:171,40,1,1
BRDA:171,41,0,6
BRDA:171,41,1,1
BRDA:174,42,0,12
BRDA:174,42,1,27
BRDA:175,43,0,2
BRDA:175,43,1,33
BRDA:185,44,0,21
BRDA:185,44,1,2
BRDA:186,45,0,23
BRDA:186,45,1,23
BRDA:186,45,2,23
BRDA:186,45,3,2
BRDA:201,46,0,1
BRDA:201,46,1,2
BRDA:203,47,0,2
BRDA:203,47,1,0
BRDA:203,48,0,2
BRDA:203,48,1,2
BRDA:205,49,0,2
BRDA:205,49,1,0
BRDA:211,50,0,2
BRDA:211,50,1,0
BRDA:214,51,0,1
BRDA:214,51,1,22
BRDA:215,52,0,1
BRDA:215,52,1,0
BRDA:216,53,0,1
BRDA:216,53,1,0
BRDA:216,54,0,1
BRDA:216,54,1,0
BRDA:230,55,0,1
BRDA:230,55,1,5
BRDA:231,56,0,1
BRDA:231,56,1,0
BRDA:233,57,0,3
BRDA:233,57,1,2
BRDA:235,58,0,1
BRDA:235,58,1,8
BRDA:236,59,0,1
BRDA:236,59,1,0
BRDA:238,60,0,3
BRDA:238,60,1,5
BRDA:238,61,0,8
BRDA:238,61,1,7
BRDA:238,61,2,6
BRDA:240,62,0,0
BRDA:240,62,1,5
BRDA:240,63,0,5
BRDA:240,63,1,0
BRDA:243,64,0,3
BRDA:243,64,1,2
BRDA:243,65,0,5
BRDA:243,65,1,3
BRDA:246,66,0,2
BRDA:246,66,1,0
BRDA:264,67,0,18
BRDA:264,67,1,5
BRDA:267,68,0,0
BRDA:267,68,1,33
BRDA:267,69,0,33
BRDA:267,69,1,33
BRDA:270,70,0,6
BRDA:270,70,1,27
BRDA:273,71,0,3
BRDA:273,71,1,3
BRDA:274,72,0,3
BRDA:274,72,1,3
BRDA:278,73,0,1
BRDA:278,73,1,32
BRDA:278,74,0,33
BRDA:278,74,1,15
BRDA:289,75,0,27
BRDA:289,75,1,5
BRDA:289,76,0,32
BRDA:289,76,1,31
BRDA:291,77,0,5
BRDA:291,77,1,0
BRDA:294,78,0,3
BRDA:294,78,1,15
BRDA:296,79,0,1
BRDA:296,79,1,2
BRDA:296,80,0,3
BRDA:296,80,1,1
BRDA:308,81,0,5
BRDA:308,81,1,0
BRDA:313,82,0,2
BRDA:313,82,1,17
BRDA:314,83,0,1
BRDA:314,83,1,1
BRDA:320,84,0,5
BRDA:320,84,1,14
BRDA:320,85,0,19
BRDA:320,85,1,5
BRDA:320,85,2,5
BRDA:326,86,0,15
BRDA:326,86,1,8
BRDA:326,87,0,23
BRDA:326,87,1,17
BRDA:327,88,0,4
BRDA:327,88,1,15
BRDA:327,89,0,19
BRDA:327,89,1,17
BRDA:329,90,0,1
BRDA:329,90,1,3
BRDA:330,91,0,1
BRDA:330,91,1,0
BRDA:331,92,0,0
BRDA:331,92,1,1
BRDA:333,93,0,3
BRDA:333,93,1,1
BRDA:334,94,0,1
BRDA:334,94,1,3
BRDA:335,95,0,3
BRDA:335,95,1,1
BRDA:339,96,0,8
BRDA:339,96,1,11
BRDA:343,97,0,4
BRDA:343,97,1,8
BRDA:344,98,0,2
BRDA:344,98,1,6
BRDA:344,99,0,8
BRDA:344,99,1,7
BRDA:348,100,0,0
BRDA:348,100,1,8
BRDA:348,101,0,8
BRDA:348,101,1,2
BRDA:350,102,0,1
BRDA:350,102,1,10
BRDA:353,103,0,0
BRDA:353,103,1,19
BRDA:353,104,0,19
BRDA:353,104,1,9
BRDA:358,105,0,8
BRDA:358,105,1,11
BRDA:358,106,0,19
BRDA:358,106,1,9
BRF:225
BRH:195
end_of_record
TN:
SF:src/provider/accounts.ts
FN:61,isGrokCliProvider
FN:65,copyConfig
FN:71,(anonymous_2)
FN:78,accountNumber
FN:83,defaultLabel
FN:87,labelError
FN:92,(anonymous_6)
FN:103,normalizeLabel
FN:110,promptLabel
FN:126,hasStoredAuth
FN:130,accountRuntime
FN:136,hasAccountAuth
FN:143,accountStatus
FN:153,planTier
FN:160,resolveAccountToken
FN:171,refreshAccountBatches
FN:183,showAccountSelector
FN:189,(anonymous_17)
FN:191,(anonymous_18)
FN:213,(anonymous_19)
FN:214,(anonymous_20)
FN:215,(anonymous_21)
FN:216,(anonymous_22)
FN:217,(anonymous_23)
FN:229,(anonymous_24)
FN:249,(anonymous_25)
FN:256,(anonymous_26)
FN:258,(anonymous_27)
FN:272,(anonymous_28)
FN:287,(anonymous_29)
FN:288,(anonymous_30)
FN:292,render
FN:308,invalidate
FN:311,handleInput
FN:319,dispose
FN:328,prefillLogin
FN:332,addAccount
FN:350,renameAccount
FN:368,removeBaseAccount
FN:392,fallbackBeforeRemoval
FN:398,(anonymous_40)
FN:415,removeAlias
FN:439,manageAccount
FN:474,resolveGrokProvider
FN:478,(anonymous_44)
FN:485,resolveGrokToken
FN:499,createAccountManager
FN:506,(anonymous_47)
FN:508,(anonymous_48)
FN:509,(anonymous_49)
FN:514,(anonymous_50)
FN:515,(anonymous_51)
FN:517,(anonymous_52)
FN:518,(anonymous_53)
FN:522,(anonymous_54)
FN:530,(anonymous_55)
FN:546,(anonymous_56)
FN:555,(anonymous_57)
FN:587,nextProvider
FN:589,(anonymous_59)
FN:593,add
FN:594,(anonymous_61)
FN:597,(anonymous_62)
FN:603,(anonymous_63)
FN:611,rename
FN:612,(anonymous_65)
FN:621,activate
FN:622,(anonymous_67)
FN:641,login
FN:651,logout
FN:652,(anonymous_70)
FN:671,remove
FN:672,(anonymous_72)
FN:684,(anonymous_73)
FN:702,refresh
FN:714,(anonymous_75)
FN:723,refreshOne
FN:730,snapshot
FN:734,(anonymous_78)
FN:761,handleModelSelect
FN:769,(anonymous_80)
FN:771,(anonymous_81)
FN:783,registerAccountManagement
FN:791,(anonymous_83)
FN:810,(anonymous_84)
FN:816,(anonymous_85)
FNF:86
FNH:81
FNDA:240,isGrokCliProvider
FNDA:122,copyConfig
FNDA:279,(anonymous_2)
FNDA:12,accountNumber
FNDA:12,defaultLabel
FNDA:35,labelError
FNDA:86,(anonymous_6)
FNDA:24,normalizeLabel
FNDA:7,promptLabel
FNDA:354,hasStoredAuth
FNDA:14,accountRuntime
FNDA:276,hasAccountAuth
FNDA:102,accountStatus
FNDA:5,planTier
FNDA:14,resolveAccountToken
FNDA:13,refreshAccountBatches
FNDA:43,showAccountSelector
FNDA:43,(anonymous_17)
FNDA:86,(anonymous_18)
FNDA:0,(anonymous_19)
FNDA:236,(anonymous_20)
FNDA:316,(anonymous_21)
FNDA:0,(anonymous_22)
FNDA:0,(anonymous_23)
FNDA:59,(anonymous_24)
FNDA:43,(anonymous_25)
FNDA:6,(anonymous_26)
FNDA:16,(anonymous_27)
FNDA:12,(anonymous_28)
FNDA:38,(anonymous_29)
FNDA:5,(anonymous_30)
FNDA:236,render
FNDA:0,invalidate
FNDA:115,handleInput
FNDA:0,dispose
FNDA:8,prefillLogin
FNDA:6,addAccount
FNDA:1,renameAccount
FNDA:2,removeBaseAccount
FNDA:9,fallbackBeforeRemoval
FNDA:19,(anonymous_40)
FNDA:8,removeAlias
FNDA:14,manageAccount
FNDA:58,resolveGrokProvider
FNDA:1,(anonymous_44)
FNDA:42,resolveGrokToken
FNDA:91,createAccountManager
FNDA:58,(anonymous_47)
FNDA:57,(anonymous_48)
FNDA:1,(anonymous_49)
FNDA:60,(anonymous_50)
FNDA:34,(anonymous_51)
FNDA:25,(anonymous_52)
FNDA:54,(anonymous_53)
FNDA:13,(anonymous_54)
FNDA:6,(anonymous_55)
FNDA:14,(anonymous_56)
FNDA:10,(anonymous_57)
FNDA:6,nextProvider
FNDA:8,(anonymous_59)
FNDA:20,add
FNDA:20,(anonymous_61)
FNDA:58,(anonymous_62)
FNDA:78,(anonymous_63)
FNDA:4,rename
FNDA:4,(anonymous_65)
FNDA:5,activate
FNDA:5,(anonymous_67)
FNDA:1,login
FNDA:4,logout
FNDA:4,(anonymous_70)
FNDA:9,remove
FNDA:9,(anonymous_72)
FNDA:19,(anonymous_73)
FNDA:4,refresh
FNDA:14,(anonymous_75)
FNDA:2,refreshOne
FNDA:10,snapshot
FNDA:16,(anonymous_78)
FNDA:9,handleModelSelect
FNDA:6,(anonymous_80)
FNDA:8,(anonymous_81)
FNDA:91,registerAccountManagement
FNDA:30,(anonymous_83)
FNDA:26,(anonymous_84)
FNDA:24,(anonymous_85)
DA:27,48
DA:28,48
DA:62,240
DA:66,122
DA:67,122
DA:71,279
DA:79,12
DA:80,12
DA:84,12
DA:88,35
DA:89,34
DA:90,2
DA:91,32
DA:94,86
DA:98,1
DA:100,31
DA:104,24
DA:105,24
DA:106,24
DA:107,24
DA:116,7
DA:117,11
DA:118,11
DA:119,11
DA:120,11
DA:121,11
DA:122,4
DA:127,354
DA:131,14
DA:132,14
DA:133,14
DA:137,276
DA:144,102
DA:145,102
DA:146,38
DA:148,64
DA:149,64
DA:154,5
DA:155,4
DA:156,2
DA:157,1
DA:161,14
DA:162,1
DA:164,13
DA:165,13
DA:167,0
DA:176,13
DA:177,12
DA:178,12
DA:179,7
DA:180,7
DA:189,43
DA:190,43
DA:191,86
DA:200,43
DA:209,43
DA:213,0
DA:214,236
DA:215,316
DA:216,0
DA:217,0
DA:221,43
DA:222,43
DA:223,43
DA:224,43
DA:226,43
DA:227,43
DA:229,43
DA:230,59
DA:231,148
DA:232,148
DA:233,148
DA:234,148
DA:246,59
DA:249,43
DA:250,43
DA:251,43
DA:252,43
DA:253,43
DA:256,43
DA:257,6
DA:258,5
DA:259,16
DA:261,5
DA:262,1
DA:263,1
DA:264,1
DA:266,4
DA:267,4
DA:268,14
DA:269,4
DA:270,4
DA:271,4
DA:272,4
DA:273,12
DA:274,12
DA:275,12
DA:276,12
DA:277,12
DA:278,12
DA:281,4
DA:282,4
DA:283,3
DA:284,3
DA:287,43
DA:288,43
DA:289,43
DA:291,43
DA:293,236
DA:309,0
DA:312,115
DA:313,6
DA:314,6
DA:316,109
DA:317,109
DA:320,0
DA:321,0
DA:322,0
DA:329,8
DA:337,6
DA:338,6
DA:339,6
DA:340,6
DA:341,6
DA:343,0
DA:356,1
DA:357,1
DA:358,1
DA:359,1
DA:361,0
DA:373,2
DA:379,0
DA:381,2
DA:382,2
DA:383,2
DA:385,0
DA:398,9
DA:399,19
DA:401,9
DA:402,6
DA:406,3
DA:408,1
DA:410,1
DA:412,2
DA:420,8
DA:426,1
DA:428,7
DA:429,7
DA:430,7
DA:432,0
DA:446,14
DA:447,14
DA:448,14
DA:449,14
DA:452,14
DA:453,14
DA:455,1
DA:456,1
DA:458,1
DA:459,1
DA:461,1
DA:465,1
DA:467,2
DA:468,2
DA:470,8
DA:475,58
DA:476,58
DA:478,1
DA:480,1
DA:482,57
DA:488,42
DA:489,42
DA:490,10
DA:492,32
DA:493,32
DA:495,2
DA:504,91
DA:505,91
DA:506,91
DA:507,58
DA:508,58
DA:509,57
DA:510,1
DA:512,58
DA:514,91
DA:515,91
DA:516,34
DA:517,91
DA:518,54
DA:519,25
DA:520,25
DA:522,91
DA:523,13
DA:524,13
DA:525,13
DA:527,0
DA:530,91
DA:541,6
DA:542,6
DA:543,6
DA:544,6
DA:547,14
DA:548,14
DA:549,14
DA:550,14
DA:551,14
DA:555,10
DA:556,10
DA:563,2
DA:565,8
DA:566,8
DA:568,10
DA:570,4
DA:572,14
DA:573,14
DA:583,6
DA:586,91
DA:588,6
DA:589,8
DA:594,20
DA:595,20
DA:596,20
DA:597,58
DA:600,20
DA:601,20
DA:602,20
DA:603,78
DA:605,20
DA:606,20
DA:607,20
DA:608,20
DA:612,4
DA:613,4
DA:614,4
DA:615,4
DA:616,4
DA:617,4
DA:618,4
DA:622,5
DA:623,5
DA:624,5
DA:625,5
DA:626,0
DA:628,5
DA:630,5
DA:632,5
DA:633,5
DA:634,1
DA:636,4
DA:637,4
DA:638,4
DA:642,1
DA:643,1
DA:644,1
DA:645,0
DA:647,1
DA:648,1
DA:649,1
DA:652,4
DA:653,4
DA:654,0
DA:656,4
DA:657,0
DA:661,4
DA:662,4
DA:663,4
DA:664,4
DA:665,4
DA:666,4
DA:667,4
DA:668,4
DA:672,9
DA:673,9
DA:674,0
DA:676,9
DA:677,9
DA:678,9
DA:679,9
DA:680,0
DA:682,9
DA:683,9
DA:684,9
DA:685,19
DA:687,9
DA:688,9
DA:689,9
DA:690,9
DA:691,2
DA:692,2
DA:698,7
DA:699,7
DA:712,4
DA:715,14
DA:724,2
DA:725,2
DA:726,0
DA:728,2
DA:731,10
DA:732,10
DA:733,10
DA:736,16
DA:737,16
DA:738,16
DA:739,16
DA:765,9
DA:766,2
DA:768,9
DA:769,6
DA:770,6
DA:771,8
DA:772,0
DA:773,6
DA:774,3
DA:775,3
DA:784,91
DA:785,91
DA:786,91
DA:788,91
DA:792,30
DA:793,30
DA:794,0
DA:795,0
DA:797,30
DA:798,1
DA:799,1
DA:801,29
DA:802,29
DA:803,29
DA:804,6
DA:805,6
DA:807,23
DA:808,14
DA:809,14
DA:810,26
DA:811,14
DA:812,14
DA:814,14
DA:816,24
DA:817,9
DA:818,4
DA:819,1
DA:820,1
DA:822,3
DA:823,3
DA:825,1
DA:830,91
LF:346
LH:322
BRDA:62,0,0,240
BRDA:62,0,1,107
BRDA:62,1,0,107
BRDA:62,1,1,61
BRDA:79,2,0,0
BRDA:79,2,1,12
BRDA:88,3,0,1
BRDA:88,3,1,34
BRDA:89,4,0,2
BRDA:89,4,1,32
BRDA:91,5,0,1
BRDA:91,5,1,31
BRDA:94,6,0,86
BRDA:94,6,1,81
BRDA:104,7,0,24
BRDA:104,7,1,0
BRDA:106,8,0,0
BRDA:106,8,1,24
BRDA:118,9,0,0
BRDA:118,9,1,11
BRDA:119,10,0,11
BRDA:119,10,1,1
BRDA:121,11,0,7
BRDA:121,11,1,4
BRDA:132,12,0,0
BRDA:132,12,1,14
BRDA:138,13,0,276
BRDA:138,13,1,59
BRDA:138,13,2,49
BRDA:144,14,0,102
BRDA:144,14,1,53
BRDA:145,15,0,38
BRDA:145,15,1,64
BRDA:145,16,0,102
BRDA:145,16,1,53
BRDA:146,17,0,3
BRDA:146,17,1,35
BRDA:148,18,0,0
BRDA:148,18,1,64
BRDA:149,19,0,37
BRDA:149,19,1,27
BRDA:154,20,0,1
BRDA:154,20,1,4
BRDA:155,21,0,2
BRDA:155,21,1,2
BRDA:156,22,0,1
BRDA:156,22,1,1
BRDA:161,23,0,1
BRDA:161,23,1,13
BRDA:161,24,0,14
BRDA:161,24,1,5
BRDA:176,25,0,1
BRDA:176,25,1,12
BRDA:178,26,0,5
BRDA:178,26,1,7
BRDA:202,27,0,29
BRDA:202,27,1,14
BRDA:232,28,0,0
BRDA:232,28,1,148
BRDA:234,29,0,25
BRDA:234,29,1,123
BRDA:236,30,0,35
BRDA:236,30,1,88
BRDA:238,31,0,8
BRDA:238,31,1,80
BRDA:239,32,0,2
BRDA:239,32,1,6
BRDA:242,33,0,26
BRDA:242,33,1,54
BRDA:250,34,0,0
BRDA:250,34,1,43
BRDA:257,35,0,1
BRDA:257,35,1,5
BRDA:257,36,0,6
BRDA:257,36,1,5
BRDA:261,37,0,1
BRDA:261,37,1,4
BRDA:274,38,0,4
BRDA:274,38,1,8
BRDA:278,39,0,9
BRDA:278,39,1,3
BRDA:282,40,0,1
BRDA:282,40,1,3
BRDA:296,41,0,184
BRDA:296,41,1,52
BRDA:301,42,0,24
BRDA:301,42,1,212
BRDA:304,43,0,184
BRDA:304,43,1,52
BRDA:312,44,0,6
BRDA:312,44,1,109
BRDA:312,45,0,115
BRDA:312,45,1,110
BRDA:312,45,2,109
BRDA:317,46,0,66
BRDA:317,46,1,43
BRDA:320,47,0,0
BRDA:320,47,1,0
BRDA:339,48,0,0
BRDA:339,48,1,6
BRDA:344,49,0,0
BRDA:344,49,1,0
BRDA:357,50,0,0
BRDA:357,50,1,1
BRDA:362,51,0,0
BRDA:362,51,1,0
BRDA:373,52,0,0
BRDA:373,52,1,2
BRDA:383,53,0,0
BRDA:383,53,1,2
BRDA:386,54,0,0
BRDA:386,54,1,0
BRDA:399,55,0,19
BRDA:399,55,1,10
BRDA:401,56,0,6
BRDA:401,56,1,3
BRDA:402,57,0,2
BRDA:402,57,1,4
BRDA:403,58,0,2
BRDA:403,58,1,0
BRDA:408,59,0,1
BRDA:408,59,1,0
BRDA:408,60,0,1
BRDA:408,60,1,0
BRDA:410,61,0,1
BRDA:410,61,1,0
BRDA:410,62,0,1
BRDA:410,62,1,1
BRDA:412,63,0,0
BRDA:412,63,1,2
BRDA:420,64,0,1
BRDA:420,64,1,7
BRDA:430,65,0,2
BRDA:430,65,1,5
BRDA:433,66,0,0
BRDA:433,66,1,0
BRDA:446,67,0,14
BRDA:446,67,1,3
BRDA:447,68,0,12
BRDA:447,68,1,2
BRDA:448,69,0,3
BRDA:448,69,1,11
BRDA:449,70,0,1
BRDA:449,70,1,13
BRDA:453,71,0,1
BRDA:453,71,1,1
BRDA:453,71,2,1
BRDA:453,71,3,2
BRDA:453,71,4,8
BRDA:476,72,0,1
BRDA:476,72,1,57
BRDA:477,73,0,58
BRDA:477,73,1,1
BRDA:480,74,0,1
BRDA:480,74,1,0
BRDA:489,75,0,10
BRDA:489,75,1,32
BRDA:489,76,0,42
BRDA:489,76,1,38
BRDA:514,77,0,60
BRDA:514,77,1,53
BRDA:519,78,0,0
BRDA:519,78,1,25
BRDA:527,79,0,0
BRDA:527,79,1,0
BRDA:550,80,0,0
BRDA:550,80,1,14
BRDA:556,81,0,2
BRDA:556,81,1,8
BRDA:557,82,0,10
BRDA:557,82,1,8
BRDA:557,82,2,8
BRDA:568,83,0,8
BRDA:568,83,1,2
BRDA:570,84,0,1
BRDA:570,84,1,3
BRDA:625,85,0,0
BRDA:625,85,1,5
BRDA:628,86,0,2
BRDA:628,86,1,3
BRDA:630,87,0,5
BRDA:630,87,1,0
BRDA:630,88,0,5
BRDA:630,88,1,0
BRDA:632,89,0,0
BRDA:632,89,1,5
BRDA:633,90,0,1
BRDA:633,90,1,4
BRDA:644,91,0,0
BRDA:644,91,1,1
BRDA:644,92,0,1
BRDA:644,92,1,0
BRDA:653,93,0,0
BRDA:653,93,1,4
BRDA:656,94,0,0
BRDA:656,94,1,4
BRDA:673,95,0,0
BRDA:673,95,1,9
BRDA:679,96,0,0
BRDA:679,96,1,9
BRDA:687,97,0,9
BRDA:687,97,1,2
BRDA:690,98,0,2
BRDA:690,98,1,7
BRDA:690,99,0,9
BRDA:690,99,1,3
BRDA:694,100,0,2
BRDA:694,100,1,2
BRDA:715,101,0,14
BRDA:715,101,1,0
BRDA:725,102,0,0
BRDA:725,102,1,2
BRDA:736,103,0,16
BRDA:736,103,1,10
BRDA:744,104,0,16
BRDA:744,104,1,10
BRDA:746,105,0,1
BRDA:746,105,1,15
BRDA:753,106,0,1
BRDA:753,106,1,0
BRDA:765,107,0,2
BRDA:765,107,1,7
BRDA:765,108,0,9
BRDA:765,108,1,4
BRDA:768,109,0,3
BRDA:768,109,1,6
BRDA:771,110,0,0
BRDA:771,110,1,6
BRDA:773,111,0,3
BRDA:773,111,1,3
BRDA:793,112,0,0
BRDA:793,112,1,30
BRDA:797,113,0,1
BRDA:797,113,1,29
BRDA:803,114,0,6
BRDA:803,114,1,23
BRDA:807,115,0,14
BRDA:807,115,1,9
BRDA:811,116,0,14
BRDA:811,116,1,0
BRDA:817,117,0,5
BRDA:817,117,1,4
BRDA:818,118,0,1
BRDA:818,118,1,3
BRDA:825,119,0,1
BRDA:825,119,1,0
BRF:246
BRH:197
end_of_record
TN:
SF:src/provider/billing.ts
FN:30,(anonymous_0)
FN:36,parseMonthlyUsage
FN:57,parseWeeklyUsage
FN:78,fetchBillingUsage
FN:87,(anonymous_4)
FN:94,fetchWeeklyUsage
FN:103,formatReset
FN:105,(anonymous_7)
FN:105,(anonymous_8)
FN:110,(anonymous_9)
FN:112,formatQuota
FNF:11
FNH:10
FNDA:24,(anonymous_0)
FNDA:18,parseMonthlyUsage
FNDA:7,parseWeeklyUsage
FNDA:24,fetchBillingUsage
FNDA:0,(anonymous_4)
FNDA:16,fetchWeeklyUsage
FNDA:9,formatReset
FNDA:54,(anonymous_7)
FNDA:270,(anonymous_8)
FNDA:25,(anonymous_9)
FNDA:11,formatQuota
DA:19,48
DA:28,48
DA:30,48
DA:37,18
DA:38,18
DA:39,18
DA:40,18
DA:42,18
DA:43,18
DA:44,18
DA:52,2
DA:54,16
DA:58,7
DA:59,7
DA:60,7
DA:61,7
DA:64,7
DA:65,5
DA:66,5
DA:70,1
DA:73,4
DA:74,4
DA:75,7
DA:82,24
DA:83,24
DA:84,21
DA:85,18
DA:87,18
DA:88,0
DA:89,0
DA:91,16
DA:98,16
DA:99,16
DA:100,7
DA:104,9
DA:105,270
DA:106,9
DA:107,9
DA:110,48
DA:113,11
DA:114,4
DA:120,7
DA:121,7
DA:135,7
DA:136,2
DA:144,7
LF:46
LH:44
BRDA:37,0,0,0
BRDA:37,0,1,18
BRDA:37,1,0,18
BRDA:37,1,1,18
BRDA:39,2,0,0
BRDA:39,2,1,18
BRDA:39,3,0,18
BRDA:39,3,1,18
BRDA:44,4,0,2
BRDA:44,4,1,16
BRDA:45,5,0,18
BRDA:45,5,1,17
BRDA:45,5,2,17
BRDA:45,5,3,17
BRDA:45,5,4,17
BRDA:45,5,5,17
BRDA:58,6,0,0
BRDA:58,6,1,7
BRDA:58,7,0,7
BRDA:58,7,1,7
BRDA:60,8,0,0
BRDA:60,8,1,7
BRDA:60,9,0,7
BRDA:60,9,1,7
BRDA:64,10,0,2
BRDA:64,10,1,5
BRDA:66,11,0,1
BRDA:66,11,1,4
BRDA:67,12,0,5
BRDA:67,12,1,5
BRDA:74,13,0,3
BRDA:74,13,1,1
BRDA:74,14,0,4
BRDA:74,14,1,3
BRDA:84,15,0,3
BRDA:84,15,1,18
BRDA:88,16,0,0
BRDA:88,16,1,0
BRDA:99,17,0,9
BRDA:99,17,1,7
BRDA:105,18,0,54
BRDA:105,18,1,0
BRDA:106,19,0,0
BRDA:106,19,1,9
BRDA:113,20,0,4
BRDA:113,20,1,7
BRDA:135,21,0,2
BRDA:135,21,1,5
BRF:48
BRH:40
end_of_record
TN:
SF:src/provider/quotaCache.ts
FN:16,(anonymous_0)
FN:18,isDate
FN:22,isMonthlyUsage
FN:34,isWeeklyUsage
FN:44,parseCachedQuota
FN:56,loadQuotaCache
FN:72,(anonymous_6)
FN:85,updateQuotaCache
FN:90,(anonymous_8)
FN:104,saveQuotaUsage
FN:110,(anonymous_10)
FN:120,removeQuotaUsage
FN:121,(anonymous_12)
FN:128,formatAge
FN:136,isCachedQuotaFresh
FN:140,formatCachedQuota
FNF:16
FNH:16
FNDA:115,(anonymous_0)
FNDA:252,isDate
FNDA:113,isMonthlyUsage
FNDA:25,isWeeklyUsage
FNDA:114,parseCachedQuota
FNDA:184,loadQuotaCache
FNDA:114,(anonymous_6)
FNDA:64,updateQuotaCache
FNDA:64,(anonymous_8)
FNDA:46,saveQuotaUsage
FNDA:46,(anonymous_10)
FNDA:18,removeQuotaUsage
FNDA:18,(anonymous_12)
FNDA:31,formatAge
FNDA:52,isCachedQuotaFresh
FNDA:31,formatCachedQuota
DA:14,49
DA:16,115
DA:19,252
DA:23,113
DA:24,113
DA:25,113
DA:35,25
DA:36,25
DA:37,25
DA:45,114
DA:46,114
DA:47,114
DA:48,113
DA:49,113
DA:57,184
DA:58,184
DA:59,184
DA:60,70
DA:61,70
DA:67,1
DA:69,69
DA:73,114
DA:74,114
DA:79,114
DA:83,49
DA:89,64
DA:90,64
DA:91,64
DA:92,64
DA:93,49
DA:95,64
DA:96,64
DA:97,64
DA:98,64
DA:100,64
DA:110,46
DA:111,46
DA:116,46
DA:121,18
DA:122,18
DA:123,4
DA:124,4
DA:129,31
DA:130,31
DA:131,3
DA:132,1
DA:133,0
DA:137,52
DA:141,31
LF:49
LH:48
BRDA:19,0,0,252
BRDA:19,0,1,252
BRDA:23,1,0,0
BRDA:23,1,1,113
BRDA:23,2,0,113
BRDA:23,2,1,113
BRDA:23,2,2,113
BRDA:26,3,0,113
BRDA:26,3,1,113
BRDA:26,3,2,113
BRDA:26,3,3,113
BRDA:26,3,4,113
BRDA:35,4,0,0
BRDA:35,4,1,25
BRDA:35,5,0,25
BRDA:35,5,1,25
BRDA:35,5,2,25
BRDA:38,6,0,25
BRDA:38,6,1,25
BRDA:38,6,2,25
BRDA:45,7,0,0
BRDA:45,7,1,114
BRDA:45,8,0,114
BRDA:45,8,1,114
BRDA:45,8,2,114
BRDA:47,9,0,1
BRDA:47,9,1,113
BRDA:47,10,0,114
BRDA:47,10,1,113
BRDA:48,11,0,0
BRDA:48,11,1,113
BRDA:48,12,0,113
BRDA:48,12,1,25
BRDA:52,13,0,25
BRDA:52,13,1,88
BRDA:56,14,0,184
BRDA:59,15,0,0
BRDA:59,15,1,184
BRDA:59,16,0,184
BRDA:59,16,1,70
BRDA:59,16,2,70
BRDA:61,17,0,1
BRDA:61,17,1,69
BRDA:62,18,0,70
BRDA:62,18,1,69
BRDA:62,18,2,69
BRDA:62,18,3,69
BRDA:74,19,0,113
BRDA:74,19,1,1
BRDA:87,20,0,64
BRDA:89,21,0,64
BRDA:89,21,1,62
BRDA:92,22,0,14
BRDA:92,22,1,50
BRDA:100,23,0,62
BRDA:100,23,1,2
BRDA:107,24,0,46
BRDA:108,25,0,46
BRDA:114,26,0,13
BRDA:114,26,1,32
BRDA:120,27,0,18
BRDA:122,28,0,14
BRDA:122,28,1,4
BRDA:122,29,0,18
BRDA:122,29,1,4
BRDA:130,30,0,28
BRDA:130,30,1,3
BRDA:131,31,0,2
BRDA:131,31,1,1
BRDA:132,32,0,1
BRDA:132,32,1,0
BRDA:136,33,0,52
BRDA:140,34,0,31
BRDA:143,35,0,7
BRDA:143,35,1,24
BRDA:146,36,0,2
BRDA:146,36,1,29
BRF:77
BRH:71
end_of_record
TN:
SF:src/provider/register.ts
FN:18,registerGrokCli
FN:24,(anonymous_1)
FN:29,login
FN:33,(anonymous_3)
FN:38,refreshToken
FN:42,getApiKey
FN:46,modifyModels
FN:51,(anonymous_7)
FN:62,(anonymous_8)
FN:86,(anonymous_9)
FN:89,(anonymous_10)
FN:94,(anonymous_11)
FN:98,(anonymous_12)
FN:121,(anonymous_13)
FN:129,(anonymous_14)
FN:134,(anonymous_15)
FNF:16
FNH:14
FNDA:40,registerGrokCli
FNDA:45,(anonymous_1)
FNDA:4,login
FNDA:0,(anonymous_3)
FNDA:0,refreshToken
FNDA:1,getApiKey
FNDA:2,modifyModels
FNDA:4,(anonymous_7)
FNDA:360,(anonymous_8)
FNDA:20,(anonymous_9)
FNDA:5,(anonymous_10)
FNDA:3,(anonymous_11)
FNDA:6,(anonymous_12)
FNDA:1,(anonymous_13)
FNDA:3,(anonymous_14)
FNDA:3,(anonymous_15)
DA:19,40
DA:20,40
DA:21,40
DA:22,40
DA:24,40
DA:25,45
DA:30,4
DA:33,4
DA:34,4
DA:35,4
DA:39,0
DA:43,1
DA:47,2
DA:51,2
DA:52,4
DA:57,45
DA:62,360
DA:80,40
DA:81,40
DA:83,40
DA:84,40
DA:86,40
DA:87,20
DA:89,40
DA:90,5
DA:91,5
DA:94,40
DA:95,3
DA:98,40
DA:99,6
DA:100,1
DA:101,1
DA:103,6
DA:104,0
DA:106,6
DA:107,6
DA:108,1
DA:114,6
DA:116,5
DA:117,5
DA:118,5
DA:121,40
DA:122,1
DA:123,1
DA:124,1
DA:125,0
DA:129,40
DA:130,3
DA:131,2
DA:134,40
DA:135,3
DA:137,2
DA:138,3
DA:139,3
DA:142,40
DA:144,40
LF:56
LH:53
BRDA:48,0,0,2
BRDA:48,0,1,0
BRDA:52,1,0,2
BRDA:52,1,1,2
BRDA:60,2,0,40
BRDA:60,2,1,5
BRDA:86,3,0,20
BRDA:99,4,0,1
BRDA:99,4,1,5
BRDA:103,5,0,0
BRDA:103,5,1,6
BRDA:103,6,0,6
BRDA:103,6,1,6
BRDA:103,6,2,6
BRDA:107,7,0,1
BRDA:107,7,1,5
BRDA:114,8,0,1
BRDA:114,8,1,5
BRDA:124,9,0,0
BRDA:124,9,1,1
BRDA:124,10,0,1
BRDA:124,10,1,1
BRDA:124,10,2,1
BRDA:130,11,0,1
BRDA:130,11,1,2
BRDA:135,12,0,1
BRDA:135,12,1,2
BRDA:137,13,0,2
BRDA:137,13,1,0
BRF:29
BRH:25
end_of_record
TN:
SF:src/provider/rotation.ts
FN:18,isExhaustionMessage
FN:29,hasAccountAuth
FN:36,circularProviders
FN:42,quotaScore
FN:54,orderProvidersByQuota
FN:59,(anonymous_5)
FN:63,(anonymous_6)
FN:66,(anonymous_7)
FN:67,(anonymous_8)
FN:72,registerExhaustionRotation
FN:79,(anonymous_10)
FN:86,(anonymous_11)
FN:94,(anonymous_12)
FN:99,(anonymous_13)
FN:103,(anonymous_14)
FN:107,(anonymous_15)
FN:111,(anonymous_16)
FN:120,(anonymous_17)
FN:134,(anonymous_18)
FN:143,(anonymous_19)
FN:145,(anonymous_20)
FN:147,(anonymous_21)
FN:166,(anonymous_22)
FN:169,(anonymous_23)
FN:186,(anonymous_24)
FN:202,clearRecentExhaustion
FNF:26
FNH:26
FNDA:40,isExhaustionMessage
FNDA:71,hasAccountAuth
FNDA:27,circularProviders
FNDA:37,quotaScore
FNDA:27,orderProvidersByQuota
FNDA:37,(anonymous_5)
FNDA:9,(anonymous_6)
FNDA:37,(anonymous_7)
FNDA:31,(anonymous_8)
FNDA:63,registerExhaustionRotation
FNDA:12,(anonymous_10)
FNDA:43,(anonymous_11)
FNDA:1,(anonymous_12)
FNDA:9,(anonymous_13)
FNDA:2,(anonymous_14)
FNDA:40,(anonymous_15)
FNDA:40,(anonymous_16)
FNDA:40,(anonymous_17)
FNDA:71,(anonymous_18)
FNDA:70,(anonymous_19)
FNDA:71,(anonymous_20)
FNDA:44,(anonymous_21)
FNDA:32,(anonymous_22)
FNDA:55,(anonymous_23)
FNDA:7,(anonymous_24)
FNDA:5,clearRecentExhaustion
DA:8,40
DA:10,40
DA:11,40
DA:19,40
DA:20,40
DA:21,40
DA:30,71
DA:37,27
DA:38,27
DA:39,27
DA:43,37
DA:44,21
DA:46,16
DA:50,16
DA:51,2
DA:59,27
DA:60,37
DA:61,37
DA:63,27
DA:64,9
DA:66,27
DA:67,37
DA:68,37
DA:73,63
DA:74,63
DA:75,63
DA:77,63
DA:79,63
DA:80,12
DA:81,12
DA:82,12
DA:83,12
DA:86,63
DA:87,43
DA:88,43
DA:89,6
DA:90,1
DA:91,1
DA:94,63
DA:95,1
DA:96,1
DA:99,63
DA:100,9
DA:103,63
DA:104,2
DA:107,63
DA:108,40
DA:109,28
DA:110,28
DA:111,40
DA:112,0
DA:114,28
DA:115,28
DA:116,28
DA:117,28
DA:120,63
DA:121,40
DA:122,13
DA:123,13
DA:126,27
DA:127,27
DA:128,27
DA:129,0
DA:130,0
DA:133,27
DA:134,27
DA:135,71
DA:137,27
DA:138,0
DA:139,0
DA:142,27
DA:143,70
DA:144,27
DA:145,71
DA:149,44
DA:156,27
DA:158,30
DA:160,30
DA:161,6
DA:162,6
DA:165,24
DA:166,24
DA:167,32
DA:169,55
DA:170,30
DA:171,0
DA:172,0
DA:174,24
DA:175,24
DA:176,24
DA:180,24
DA:181,24
DA:182,24
DA:185,3
DA:187,7
DA:190,3
DA:191,3
DA:192,3
DA:194,0
DA:198,0
DA:201,63
DA:203,5
LF:102
LH:93
BRDA:19,0,0,0
BRDA:19,0,1,40
BRDA:19,1,0,40
BRDA:19,1,1,40
BRDA:22,2,0,40
BRDA:22,2,1,40
BRDA:22,2,2,39
BRDA:22,2,3,32
BRDA:31,3,0,71
BRDA:31,3,1,1
BRDA:31,3,2,1
BRDA:38,4,0,0
BRDA:38,4,1,27
BRDA:43,5,0,21
BRDA:43,5,1,16
BRDA:43,6,0,37
BRDA:43,6,1,18
BRDA:43,6,2,17
BRDA:50,7,0,14
BRDA:50,7,1,2
BRDA:61,8,0,21
BRDA:61,8,1,16
BRDA:64,9,0,9
BRDA:64,9,1,1
BRDA:68,10,0,21
BRDA:68,10,1,16
BRDA:88,11,0,37
BRDA:88,11,1,6
BRDA:89,12,0,5
BRDA:89,12,1,1
BRDA:100,13,0,1
BRDA:100,13,1,8
BRDA:104,14,0,1
BRDA:104,14,1,1
BRDA:108,15,0,12
BRDA:108,15,1,28
BRDA:111,16,0,0
BRDA:111,16,1,28
BRDA:121,17,0,13
BRDA:121,17,1,27
BRDA:122,18,0,6
BRDA:122,18,1,7
BRDA:128,19,0,0
BRDA:128,19,1,27
BRDA:128,20,0,27
BRDA:128,20,1,27
BRDA:137,21,0,0
BRDA:137,21,1,27
BRDA:149,22,0,44
BRDA:149,22,1,44
BRDA:149,22,2,41
BRDA:149,22,3,38
BRDA:149,22,4,38
BRDA:158,23,0,30
BRDA:158,23,1,2
BRDA:160,24,0,6
BRDA:160,24,1,24
BRDA:160,25,0,30
BRDA:160,25,1,29
BRDA:170,26,0,0
BRDA:170,26,1,30
BRDA:170,27,0,30
BRDA:170,27,1,24
BRDA:185,28,0,3
BRDA:185,28,1,0
BRDA:187,29,0,7
BRDA:187,29,1,2
BRF:67
BRH:60
end_of_record
TN:
SF:src/provider/stream.ts
FN:22,grokCliModelHeaders
FNF:1
FNH:1
FNDA:383,grokCliModelHeaders
DA:3,45
DA:8,45
DA:10,45
DA:11,45
DA:23,383
LF:5
LH:5
BRF:0
BRH:0
end_of_record
TN:
SF:src/provider/toolScope.ts
FN:65,isLegacyModel
FN:69,sameTools
FN:72,(anonymous_2)
FN:76,stateKey
FN:80,handoffGrokTools
FN:94,restoreGrokTools
FN:104,(anonymous_6)
FN:105,(anonymous_7)
FN:109,syncGrokTools
FN:127,(anonymous_9)
FN:128,(anonymous_10)
FN:129,(anonymous_11)
FN:134,(anonymous_12)
FN:135,(anonymous_13)
FN:138,(anonymous_14)
FN:143,(anonymous_15)
FN:148,(anonymous_16)
FN:160,(anonymous_17)
FN:164,(anonymous_18)
FN:166,(anonymous_19)
FN:173,(anonymous_20)
FN:174,(anonymous_21)
FN:184,(anonymous_22)
FN:190,(anonymous_23)
FN:192,(anonymous_24)
FN:197,(anonymous_25)
FNF:26
FNH:26
FNDA:91,isLegacyModel
FNDA:94,sameTools
FNDA:88,(anonymous_2)
FNDA:97,stateKey
FNDA:3,handoffGrokTools
FNDA:3,restoreGrokTools
FNDA:36,(anonymous_6)
FNDA:15,(anonymous_7)
FNDA:91,syncGrokTools
FNDA:1583,(anonymous_9)
FNDA:668,(anonymous_10)
FNDA:759,(anonymous_11)
FNDA:178,(anonymous_12)
FNDA:648,(anonymous_13)
FNDA:166,(anonymous_14)
FNDA:159,(anonymous_15)
FNDA:78,(anonymous_16)
FNDA:458,(anonymous_17)
FNDA:1584,(anonymous_18)
FNDA:1630,(anonymous_19)
FNDA:2530,(anonymous_20)
FNDA:2843,(anonymous_21)
FNDA:136,(anonymous_22)
FNDA:33,(anonymous_23)
FNDA:33,(anonymous_24)
FNDA:50,(anonymous_25)
DA:5,41
DA:7,41
DA:17,41
DA:18,41
DA:55,41
DA:56,41
DA:59,41
DA:63,41
DA:66,91
DA:70,94
DA:72,88
DA:77,97
DA:81,3
DA:82,3
DA:83,3
DA:87,3
DA:88,2
DA:89,2
DA:91,1
DA:95,3
DA:98,3
DA:99,3
DA:100,3
DA:104,36
DA:105,15
DA:106,3
DA:114,91
DA:115,91
DA:116,91
DA:124,91
DA:125,91
DA:126,91
DA:127,1583
DA:128,91
DA:129,759
DA:132,91
DA:134,178
DA:135,91
DA:137,648
DA:138,166
DA:141,91
DA:142,53
DA:143,53
DA:144,159
DA:147,91
DA:148,26
DA:149,78
DA:153,91
DA:154,46
DA:155,46
DA:157,91
DA:159,91
DA:160,91
DA:161,458
DA:162,439
DA:164,418
DA:166,1630
DA:168,418
DA:169,396
DA:170,306
DA:172,306
DA:173,306
DA:174,2843
DA:176,306
DA:177,300
DA:178,119
DA:183,181
DA:184,118
DA:185,136
DA:187,118
DA:189,63
DA:190,33
DA:192,33
DA:195,91
DA:196,56
DA:198,50
DA:203,91
DA:209,3
DA:211,91
DA:212,13
DA:215,91
DA:216,91
DA:217,91
DA:218,91
DA:219,67
LF:85
LH:85
BRDA:59,0,0,41
BRDA:59,0,1,3
BRDA:66,1,0,91
BRDA:66,1,1,77
BRDA:66,2,0,77
BRDA:66,2,1,0
BRDA:71,3,0,94
BRDA:71,3,1,44
BRDA:77,4,0,97
BRDA:77,4,1,70
BRDA:82,5,0,0
BRDA:82,5,1,3
BRDA:87,6,0,2
BRDA:87,6,1,1
BRDA:95,7,0,2
BRDA:95,7,1,1
BRDA:98,8,0,0
BRDA:98,8,1,3
BRDA:99,9,0,2
BRDA:99,9,1,1
BRDA:106,10,0,3
BRDA:106,10,1,0
BRDA:112,11,0,91
BRDA:116,12,0,91
BRDA:116,12,1,53
BRDA:125,13,0,91
BRDA:125,13,1,20
BRDA:126,14,0,31
BRDA:126,14,1,60
BRDA:132,15,0,91
BRDA:132,15,1,58
BRDA:132,15,2,55
BRDA:137,16,0,648
BRDA:137,16,1,166
BRDA:141,17,0,53
BRDA:141,17,1,38
BRDA:144,18,0,159
BRDA:144,18,1,147
BRDA:147,19,0,26
BRDA:147,19,1,65
BRDA:149,20,0,78
BRDA:149,20,1,78
BRDA:153,21,0,46
BRDA:153,21,1,45
BRDA:153,22,0,91
BRDA:153,22,1,51
BRDA:157,23,0,26
BRDA:157,23,1,65
BRDA:161,24,0,19
BRDA:161,24,1,439
BRDA:161,25,0,17
BRDA:161,25,1,2
BRDA:162,26,0,21
BRDA:162,26,1,418
BRDA:162,27,0,14
BRDA:162,27,1,7
BRDA:162,28,0,21
BRDA:162,28,1,15
BRDA:166,29,0,1584
BRDA:166,29,1,1415
BRDA:168,30,0,22
BRDA:168,30,1,396
BRDA:169,31,0,90
BRDA:169,31,1,306
BRDA:176,32,0,6
BRDA:176,32,1,300
BRDA:177,33,0,119
BRDA:177,33,1,181
BRDA:177,34,0,300
BRDA:177,34,1,191
BRDA:178,35,0,101
BRDA:178,35,1,18
BRDA:178,36,0,119
BRDA:178,36,1,68
BRDA:178,36,2,50
BRDA:183,37,0,118
BRDA:183,37,1,63
BRDA:187,38,0,118
BRDA:187,38,1,0
BRDA:189,39,0,33
BRDA:189,39,1,30
BRDA:195,40,0,56
BRDA:195,40,1,35
BRDA:195,41,0,91
BRDA:195,41,1,59
BRDA:198,42,0,50
BRDA:198,42,1,50
BRDA:203,43,0,3
BRDA:203,43,1,88
BRDA:204,44,0,91
BRDA:204,44,1,59
BRDA:204,44,2,17
BRDA:204,44,3,17
BRDA:211,45,0,13
BRDA:211,45,1,78
BRDA:211,46,0,91
BRDA:211,46,1,31
BRDA:211,46,2,30
BRDA:218,47,0,24
BRDA:218,47,1,67
BRF:100
BRH:95
end_of_record
TN:
SF:src/provider/usage.ts
FN:8,registerUsageCommand
FN:11,(anonymous_1)
FN:24,(anonymous_2)
FNF:3
FNH:3
FNDA:40,registerUsageCommand
FNDA:14,(anonymous_1)
FNDA:26,(anonymous_2)
DA:9,40
DA:12,14
DA:13,14
DA:14,9
DA:20,14
DA:21,14
DA:22,14
DA:24,26
DA:25,14
DA:26,1
DA:27,1
DA:30,11
DA:31,11
DA:32,1
DA:33,1
DA:36,10
DA:37,10
DA:38,10
DA:39,6
DA:40,6
DA:42,0
DA:47,6
DA:49,4
DA:53,4
DA:54,4
DA:63,2
DA:68,2
LF:27
LH:26
BRDA:13,0,0,9
BRDA:13,0,1,5
BRDA:13,1,0,14
BRDA:13,1,1,13
BRDA:25,2,0,1
BRDA:25,2,1,13
BRDA:31,3,0,1
BRDA:31,3,1,10
BRDA:43,4,0,0
BRDA:43,4,1,0
BRDA:50,5,0,4
BRDA:50,5,1,0
BRDA:55,6,0,1
BRDA:55,6,1,3
BRDA:63,7,0,1
BRDA:63,7,1,1
BRDA:65,8,0,1
BRDA:65,8,1,0
BRF:18
BRH:14
end_of_record
TN:
SF:src/provider/dashboard/server.ts
FN:24,constructor
FN:61,safeEqual
FN:67,cookieValue
FN:70,(anonymous_3)
FN:71,(anonymous_4)
FN:74,send
FN:82,json
FN:86,readJson
FN:90,(anonymous_8)
FN:94,(anonymous_9)
FN:101,(anonymous_10)
FN:103,(anonymous_11)
FN:106,(anonymous_12)
FN:115,(anonymous_13)
FN:123,(anonymous_14)
FN:124,(anonymous_15)
FN:132,(anonymous_16)
FN:137,objectBody
FN:144,publicError
FN:149,escapeHtml
FN:153,accountProvider
FN:160,trustedAuthorizationUrl
FN:175,launchBrowser
FN:182,(anonymous_23)
FN:188,(anonymous_24)
FN:193,(anonymous_25)
FN:194,(anonymous_26)
FN:199,createAccountDashboard
FN:205,open
FN:217,close
FN:224,startAccountDashboard
FN:246,(anonymous_31)
FN:247,(anonymous_32)
FN:267,(anonymous_33)
FN:275,(anonymous_34)
FN:280,(anonymous_35)
FN:286,(anonymous_36)
FN:288,(anonymous_37)
FN:292,(anonymous_38)
FN:301,(anonymous_39)
FN:305,(anonymous_40)
FN:322,(anonymous_41)
FN:325,(anonymous_42)
FN:337,(anonymous_43)
FN:338,(anonymous_44)
FN:349,(anonymous_45)
FN:350,(anonymous_46)
FN:355,notify
FN:369,prompt
FN:376,(anonymous_49)
FN:387,(anonymous_50)
FN:406,handle
FN:497,(anonymous_52)
FN:548,(anonymous_53)
FN:550,(anonymous_54)
FN:569,(anonymous_55)
FNF:56
FNH:48
FNDA:8,constructor
FNDA:59,safeEqual
FNDA:59,cookieValue
FNDA:59,(anonymous_3)
FNDA:58,(anonymous_4)
FNDA:58,send
FNDA:32,json
FNDA:19,readJson
FNDA:19,(anonymous_8)
FNDA:20,(anonymous_9)
FNDA:3,(anonymous_10)
FNDA:2,(anonymous_11)
FNDA:19,(anonymous_12)
FNDA:16,(anonymous_13)
FNDA:1,(anonymous_14)
FNDA:1,(anonymous_15)
FNDA:1,(anonymous_16)
FNDA:15,objectBody
FNDA:8,publicError
FNDA:1,escapeHtml
FNDA:23,accountProvider
FNDA:1,trustedAuthorizationUrl
FNDA:0,launchBrowser
FNDA:0,(anonymous_23)
FNDA:0,(anonymous_24)
FNDA:0,(anonymous_25)
FNDA:0,(anonymous_26)
FNDA:92,createAccountDashboard
FNDA:2,open
FNDA:2,close
FNDA:17,startAccountDashboard
FNDA:74,(anonymous_31)
FNDA:8,(anonymous_32)
FNDA:19,(anonymous_33)
FNDA:17,(anonymous_34)
FNDA:17,(anonymous_35)
FNDA:91,(anonymous_36)
FNDA:1,(anonymous_37)
FNDA:25,(anonymous_38)
FNDA:6,(anonymous_39)
FNDA:8,(anonymous_40)
FNDA:1,(anonymous_41)
FNDA:2,(anonymous_42)
FNDA:0,(anonymous_43)
FNDA:1,(anonymous_44)
FNDA:0,(anonymous_45)
FNDA:1,(anonymous_46)
FNDA:1,notify
FNDA:1,prompt
FNDA:1,(anonymous_49)
FNDA:0,(anonymous_50)
FNDA:74,handle
FNDA:2,(anonymous_52)
FNDA:17,(anonymous_53)
FNDA:17,(anonymous_54)
FNDA:1,(anonymous_55)
DA:9,48
DA:10,48
DA:11,48
DA:12,48
DA:13,48
DA:14,48
DA:25,8
DA:28,8
DA:62,59
DA:63,59
DA:64,59
DA:68,59
DA:70,59
DA:71,58
DA:75,58
DA:79,58
DA:83,32
DA:87,19
DA:88,0
DA:90,19
DA:91,19
DA:92,19
DA:94,19
DA:95,20
DA:96,20
DA:97,20
DA:98,20
DA:99,20
DA:101,19
DA:102,3
DA:103,3
DA:104,3
DA:106,19
DA:107,19
DA:108,19
DA:109,19
DA:110,1
DA:111,1
DA:113,18
DA:115,19
DA:116,16
DA:117,16
DA:118,16
DA:120,1
DA:123,19
DA:124,19
DA:125,1
DA:126,1
DA:128,19
DA:129,19
DA:130,19
DA:131,19
DA:132,19
DA:133,19
DA:138,15
DA:139,0
DA:141,15
DA:145,8
DA:146,8
DA:150,1
DA:154,23
DA:157,23
DA:161,1
DA:162,1
DA:163,1
DA:170,0
DA:172,1
DA:177,0
DA:182,0
DA:183,0
DA:187,0
DA:188,0
DA:189,0
DA:190,0
DA:191,0
DA:193,0
DA:194,0
DA:195,0
DA:204,92
DA:206,2
DA:207,1
DA:209,2
DA:210,2
DA:215,2
DA:218,2
DA:219,2
DA:229,17
DA:230,17
DA:231,17
DA:232,17
DA:236,17
DA:237,17
DA:238,17
DA:239,17
DA:243,17
DA:244,17
DA:246,17
DA:247,74
DA:248,8
DA:249,0
DA:250,0
DA:252,8
DA:253,8
DA:254,8
DA:255,1
DA:261,1
DA:263,7
DA:267,17
DA:268,19
DA:269,17
DA:270,17
DA:271,19
DA:272,1
DA:273,1
DA:275,17
DA:276,17
DA:277,0
DA:278,0
DA:280,17
DA:281,17
DA:283,17
DA:286,17
DA:287,91
DA:288,91
DA:289,91
DA:292,17
DA:293,25
DA:294,2
DA:301,17
DA:302,6
DA:303,6
DA:306,8
DA:307,8
DA:322,17
DA:323,1
DA:325,2
DA:326,1
DA:327,1
DA:328,0
DA:333,1
DA:334,0
DA:336,1
DA:337,1
DA:338,1
DA:339,1
DA:341,1
DA:347,1
DA:348,1
DA:349,1
DA:350,1
DA:351,1
DA:353,1
DA:356,1
DA:357,0
DA:358,0
DA:360,1
DA:361,0
DA:363,1
DA:364,1
DA:365,1
DA:366,1
DA:367,1
DA:370,1
DA:371,0
DA:372,0
DA:375,1
DA:377,1
DA:378,1
DA:379,1
DA:380,1
DA:381,0
DA:382,0
DA:383,0
DA:385,0
DA:389,0
DA:390,0
DA:391,0
DA:392,0
DA:393,0
DA:399,0
DA:403,1
DA:407,74
DA:408,74
DA:409,74
DA:410,74
DA:411,15
DA:416,15
DA:417,15
DA:419,59
DA:420,2
DA:425,57
DA:426,9
DA:427,9
DA:429,48
DA:430,8
DA:431,8
DA:433,40
DA:434,8
DA:435,8
DA:437,32
DA:438,6
DA:439,6
DA:441,26
DA:442,18
DA:443,18
DA:446,12
DA:447,0
DA:449,12
DA:450,12
DA:452,8
DA:453,8
DA:454,2
DA:455,2
DA:458,2
DA:459,0
DA:461,2
DA:462,2
DA:464,6
DA:465,6
DA:466,1
DA:467,1
DA:468,1
DA:470,5
DA:471,5
DA:472,1
DA:473,1
DA:474,1
DA:476,4
DA:477,1
DA:478,1
DA:479,1
DA:481,3
DA:482,0
DA:483,0
DA:484,0
DA:485,0
DA:486,0
DA:488,0
DA:490,0
DA:492,3
DA:493,3
DA:494,1
DA:495,1
DA:497,2
DA:498,1
DA:499,1
DA:500,0
DA:505,1
DA:506,1
DA:507,1
DA:508,1
DA:510,2
DA:511,74
DA:512,1
DA:513,1
DA:514,1
DA:515,0
DA:517,1
DA:518,1
DA:520,1
DA:521,1
DA:522,1
DA:523,1
DA:526,1
DA:527,0
DA:529,1
DA:530,1
DA:531,1
DA:532,1
DA:533,1
DA:535,0
DA:536,0
DA:537,0
DA:538,0
DA:539,0
DA:540,0
DA:541,0
DA:542,0
DA:543,0
DA:545,0
DA:548,17
DA:549,17
DA:550,17
DA:551,17
DA:552,17
DA:555,17
DA:556,17
DA:557,0
DA:558,0
DA:560,17
DA:561,17
DA:562,17
DA:563,17
DA:565,17
DA:569,1
LF:295
LH:236
BRDA:64,0,0,59
BRDA:64,0,1,57
BRDA:74,1,0,58
BRDA:74,2,0,58
BRDA:87,3,0,0
BRDA:87,3,1,19
BRDA:94,4,0,20
BRDA:95,5,0,20
BRDA:95,5,1,0
BRDA:99,6,0,17
BRDA:99,6,1,3
BRDA:107,7,0,19
BRDA:107,7,1,0
BRDA:109,8,0,1
BRDA:109,8,1,18
BRDA:138,9,0,0
BRDA:138,9,1,15
BRDA:138,10,0,15
BRDA:138,10,1,15
BRDA:138,10,2,15
BRDA:145,11,0,0
BRDA:145,11,1,8
BRDA:153,12,0,23
BRDA:163,13,0,0
BRDA:163,13,1,1
BRDA:164,14,0,1
BRDA:164,14,1,1
BRDA:164,14,2,1
BRDA:164,14,3,0
BRDA:164,14,4,0
BRDA:177,15,0,0
BRDA:177,15,1,0
BRDA:179,16,0,0
BRDA:179,16,1,0
BRDA:189,17,0,0
BRDA:189,17,1,0
BRDA:201,18,0,92
BRDA:206,19,0,1
BRDA:206,19,1,1
BRDA:209,20,0,2
BRDA:209,20,1,0
BRDA:209,21,0,2
BRDA:209,21,1,0
BRDA:227,22,0,17
BRDA:248,23,0,0
BRDA:248,23,1,8
BRDA:252,24,0,8
BRDA:252,24,1,0
BRDA:253,25,0,2
BRDA:253,25,1,6
BRDA:253,26,0,8
BRDA:253,26,1,7
BRDA:254,27,0,1
BRDA:254,27,1,7
BRDA:268,28,0,2
BRDA:268,28,1,17
BRDA:269,29,0,17
BRDA:269,29,1,0
BRDA:272,30,0,0
BRDA:272,30,1,1
BRDA:276,31,0,0
BRDA:276,31,1,17
BRDA:287,32,0,74
BRDA:287,32,1,17
BRDA:288,33,0,91
BRDA:288,33,1,90
BRDA:293,34,0,2
BRDA:293,34,1,23
BRDA:293,35,0,25
BRDA:293,35,1,24
BRDA:309,36,0,2
BRDA:309,36,1,6
BRDA:312,37,0,2
BRDA:312,37,1,0
BRDA:313,38,0,0
BRDA:313,38,1,2
BRDA:314,39,0,0
BRDA:314,39,1,2
BRDA:326,40,0,0
BRDA:326,40,1,1
BRDA:327,41,0,0
BRDA:327,41,1,1
BRDA:333,42,0,0
BRDA:333,42,1,1
BRDA:356,43,0,0
BRDA:356,43,1,1
BRDA:356,44,0,1
BRDA:356,44,1,1
BRDA:360,45,0,0
BRDA:360,45,1,1
BRDA:370,46,0,1
BRDA:370,46,1,0
BRDA:371,47,0,0
BRDA:371,47,1,0
BRDA:380,48,0,1
BRDA:380,48,1,0
BRDA:383,49,0,0
BRDA:383,49,1,0
BRDA:389,50,0,0
BRDA:389,50,1,0
BRDA:390,51,0,0
BRDA:390,51,1,0
BRDA:392,52,0,0
BRDA:392,52,1,0
BRDA:408,53,0,0
BRDA:408,53,1,74
BRDA:409,54,0,74
BRDA:409,54,1,0
BRDA:410,55,0,15
BRDA:410,55,1,59
BRDA:410,56,0,74
BRDA:410,56,1,49
BRDA:419,57,0,2
BRDA:419,57,1,57
BRDA:419,58,0,59
BRDA:419,58,1,2
BRDA:425,59,0,9
BRDA:425,59,1,48
BRDA:425,60,0,57
BRDA:425,60,1,32
BRDA:429,61,0,8
BRDA:429,61,1,40
BRDA:429,62,0,48
BRDA:429,62,1,23
BRDA:433,63,0,8
BRDA:433,63,1,32
BRDA:433,64,0,40
BRDA:433,64,1,15
BRDA:437,65,0,6
BRDA:437,65,1,26
BRDA:437,66,0,32
BRDA:437,66,1,7
BRDA:441,67,0,18
BRDA:441,67,1,8
BRDA:441,68,0,26
BRDA:441,68,1,22
BRDA:444,69,0,18
BRDA:444,69,1,15
BRDA:446,70,0,0
BRDA:446,70,1,12
BRDA:446,71,0,12
BRDA:446,71,1,12
BRDA:449,72,0,12
BRDA:449,72,1,0
BRDA:453,73,0,2
BRDA:453,73,1,6
BRDA:453,74,0,8
BRDA:453,74,1,2
BRDA:456,75,0,2
BRDA:456,75,1,2
BRDA:458,76,0,0
BRDA:458,76,1,2
BRDA:465,77,0,1
BRDA:465,77,1,5
BRDA:465,78,0,6
BRDA:465,78,1,4
BRDA:471,79,0,1
BRDA:471,79,1,4
BRDA:471,80,0,5
BRDA:471,80,1,3
BRDA:476,81,0,1
BRDA:476,81,1,3
BRDA:476,82,0,4
BRDA:476,82,1,1
BRDA:481,83,0,0
BRDA:481,83,1,3
BRDA:481,84,0,3
BRDA:481,84,1,2
BRDA:483,85,0,0
BRDA:483,85,1,0
BRDA:493,86,0,1
BRDA:493,86,1,2
BRDA:493,87,0,3
BRDA:493,87,1,2
BRDA:498,88,0,0
BRDA:498,88,1,1
BRDA:499,89,0,0
BRDA:499,89,1,1
BRDA:511,90,0,1
BRDA:511,90,1,73
BRDA:511,91,0,74
BRDA:511,91,1,1
BRDA:514,92,0,0
BRDA:514,92,1,1
BRDA:514,93,0,1
BRDA:514,93,1,1
BRDA:521,94,0,1
BRDA:521,94,1,0
BRDA:521,95,0,1
BRDA:521,95,1,1
BRDA:524,96,0,1
BRDA:524,96,1,1
BRDA:526,97,0,0
BRDA:526,97,1,1
BRDA:526,98,0,1
BRDA:526,98,1,1
BRDA:530,99,0,0
BRDA:530,99,1,1
BRDA:536,100,0,0
BRDA:536,100,1,0
BRDA:536,101,0,0
BRDA:536,101,1,0
BRDA:539,102,0,0
BRDA:539,102,1,0
BRDA:556,103,0,0
BRDA:556,103,1,17
BRDA:556,104,0,17
BRDA:556,104,1,17
BRF:208
BRH:146
end_of_record
TN:
SF:src/shared/errors.ts
FN:8,constructor
FNF:1
FNH:1
FNDA:28,constructor
DA:10,28
DA:11,28
DA:13,28
DA:14,28
DA:19,50
LF:5
LH:5
BRDA:11,0,0,28
BRF:1
BRH:1
end_of_record
TN:
SF:src/tools/files.ts
FN:45,parseJson
FN:53,replacementEdit
FN:64,editList
FN:68,(anonymous_3)
FN:69,(anonymous_4)
FN:72,normalizeWriteArgs
FN:80,normalizeLsArgs
FN:88,normalizeEditArgs
FN:102,normalizeStrReplaceArgs
FN:121,countOccurrences
FN:133,boundedDiff
FN:145,renderReplacementResult
FN:167,(anonymous_12)
FN:180,renderPathToolCall
FN:186,existingPathOrNotFound
FN:195,registerFileTools
FN:202,execute
FN:217,renderCall
FN:226,renderResult
FN:249,execute_2
FN:264,renderCall_2
FN:273,renderResult_2
FN:304,execute_3
FN:308,(anonymous_23)
FN:325,(anonymous_24)
FN:341,renderCall_3
FN:344,renderResult_3
FN:357,execute_4
FN:372,renderCall_4
FN:381,renderResult_4
FN:408,execute_5
FN:423,renderCall_5
FN:426,renderResult_5
FNF:33
FNH:33
FNDA:2,parseJson
FNDA:101,replacementEdit
FNDA:55,editList
FNDA:25,(anonymous_3)
FNDA:24,(anonymous_4)
FNDA:24,normalizeWriteArgs
FNDA:13,normalizeLsArgs
FNDA:38,normalizeEditArgs
FNDA:5,normalizeStrReplaceArgs
FNDA:13,countOccurrences
FNDA:12,boundedDiff
FNDA:6,renderReplacementResult
FNDA:1815,(anonymous_12)
FNDA:2,renderPathToolCall
FNDA:4,existingPathOrNotFound
FNDA:111,registerFileTools
FNDA:10,execute
FNDA:1,renderCall
FNDA:1,renderResult
FNDA:11,execute_2
FNDA:4,renderCall_2
FNDA:3,renderResult_2
FNDA:20,execute_3
FNDA:17,(anonymous_23)
FNDA:1017,(anonymous_24)
FNDA:1,renderCall_3
FNDA:6,renderResult_3
FNDA:17,execute_4
FNDA:1,renderCall_4
FNDA:3,renderResult_4
FNDA:4,execute_5
FNDA:1,renderCall_5
FNDA:2,renderResult_5
DA:42,45
DA:43,45
DA:46,2
DA:47,2
DA:49,1
DA:54,101
DA:55,101
DA:57,63
DA:59,101
DA:60,101
DA:61,36
DA:65,55
DA:66,55
DA:67,22
DA:68,25
DA:69,24
DA:73,24
DA:74,24
DA:81,13
DA:82,13
DA:89,38
DA:90,38
DA:91,38
DA:92,38
DA:103,5
DA:104,5
DA:122,13
DA:123,13
DA:124,13
DA:125,1020
DA:126,1020
DA:127,1017
DA:128,1017
DA:130,10
DA:134,12
DA:135,12
DA:136,11
DA:138,1
DA:139,1
DA:153,6
DA:155,6
DA:158,6
DA:159,6
DA:160,6
DA:161,6
DA:162,4
DA:163,6
DA:164,6
DA:168,1815
DA:169,446
DA:171,1369
DA:172,1342
DA:174,27
DA:181,2
DA:191,4
DA:192,4
DA:196,111
DA:197,111
DA:209,10
DA:222,1
DA:223,1
DA:224,1
DA:232,1
DA:233,1
DA:234,1
DA:243,111
DA:244,111
DA:256,11
DA:269,4
DA:270,4
DA:271,4
DA:279,3
DA:280,3
DA:281,3
DA:290,111
DA:296,111
DA:305,20
DA:306,19
DA:307,17
DA:308,17
DA:309,17
DA:310,16
DA:311,13
DA:312,13
DA:313,13
DA:314,1
DA:325,1017
DA:326,12
DA:327,12
DA:328,12
DA:329,12
DA:330,12
DA:342,1
DA:345,6
DA:349,111
DA:350,111
DA:364,17
DA:377,1
DA:378,1
DA:379,1
DA:387,3
DA:388,3
DA:389,3
DA:398,111
DA:402,111
DA:409,4
DA:411,4
DA:412,4
DA:413,4
DA:414,3
DA:415,3
DA:420,1
DA:424,1
DA:427,2
LF:114
LH:114
BRDA:55,0,0,38
BRDA:55,0,1,63
BRDA:57,1,0,63
BRDA:57,1,1,28
BRDA:57,1,2,26
BRDA:59,2,0,101
BRDA:59,2,1,29
BRDA:59,2,2,27
BRDA:60,3,0,27
BRDA:60,3,1,74
BRDA:60,4,0,101
BRDA:60,4,1,37
BRDA:65,5,0,2
BRDA:65,5,1,53
BRDA:66,6,0,33
BRDA:66,6,1,22
BRDA:68,7,0,1
BRDA:68,7,1,21
BRDA:75,8,0,24
BRDA:75,8,1,8
BRDA:75,8,2,1
BRDA:76,9,0,24
BRDA:76,9,1,10
BRDA:76,9,2,2
BRDA:84,10,0,1
BRDA:84,10,1,12
BRDA:93,11,0,38
BRDA:93,11,1,2
BRDA:93,11,2,1
BRDA:95,12,0,38
BRDA:95,12,1,17
BRDA:95,12,2,17
BRDA:95,12,3,5
BRDA:98,13,0,0
BRDA:98,13,1,5
BRDA:105,14,0,5
BRDA:105,14,1,0
BRDA:107,15,0,5
BRDA:107,15,1,4
BRDA:107,15,2,2
BRDA:107,15,3,1
BRDA:107,15,4,0
BRDA:113,16,0,5
BRDA:113,16,1,4
BRDA:113,16,2,2
BRDA:113,16,3,1
BRDA:113,16,4,0
BRDA:126,17,0,3
BRDA:126,17,1,1017
BRDA:135,18,0,11
BRDA:135,18,1,1
BRDA:155,19,0,1
BRDA:155,19,1,5
BRDA:158,20,0,0
BRDA:158,20,1,6
BRDA:161,21,0,2
BRDA:161,21,1,4
BRDA:162,22,0,3
BRDA:162,22,1,1
BRDA:163,23,0,3
BRDA:163,23,1,1
BRDA:168,24,0,446
BRDA:168,24,1,1369
BRDA:168,25,0,1815
BRDA:168,25,1,450
BRDA:171,26,0,1342
BRDA:171,26,1,27
BRDA:171,27,0,1369
BRDA:171,27,1,1346
BRDA:192,28,0,3
BRDA:192,28,1,1
BRDA:223,29,0,0
BRDA:223,29,1,1
BRDA:233,30,0,0
BRDA:233,30,1,1
BRDA:270,31,0,0
BRDA:270,31,1,4
BRDA:280,32,0,0
BRDA:280,32,1,3
BRDA:305,33,0,1
BRDA:305,33,1,19
BRDA:306,34,0,2
BRDA:306,34,1,17
BRDA:309,35,0,1
BRDA:309,35,1,16
BRDA:311,36,0,0
BRDA:311,36,1,13
BRDA:313,37,0,1
BRDA:313,37,1,12
BRDA:327,38,0,0
BRDA:327,38,1,12
BRDA:329,39,0,0
BRDA:329,39,1,12
BRDA:378,40,0,0
BRDA:378,40,1,1
BRDA:388,41,0,0
BRDA:388,41,1,3
BRDA:413,42,0,1
BRDA:413,42,1,3
BRDA:431,43,0,1
BRDA:431,43,1,1
BRF:101
BRH:87
end_of_record
TN:
SF:src/tools/glob.ts
FN:32,errorCode
FN:37,throwIfAborted
FN:41,compareCandidates
FN:49,outputPath
FN:58,ignoredByScopes
FN:59,(anonymous_5)
FN:69,scopesForDirectory
FN:71,(anonymous_7)
FN:79,normalizeGlobArgs
FN:88,executeGlob
FN:101,(anonymous_10)
FN:109,(anonymous_11)
FN:118,(anonymous_12)
FN:154,(anonymous_13)
FNF:14
FNH:13
FNDA:21,errorCode
FNDA:377,throwIfAborted
FNDA:821,compareCandidates
FNDA:228,outputPath
FNDA:250,ignoredByScopes
FNDA:14,(anonymous_5)
FNDA:22,scopesForDirectory
FNDA:19,(anonymous_7)
FNDA:30,normalizeGlobArgs
FNDA:22,executeGlob
FNDA:2,(anonymous_10)
FNDA:23,(anonymous_11)
FNDA:0,(anonymous_12)
FNDA:30,(anonymous_13)
DA:14,48
DA:33,21
DA:34,21
DA:38,377
DA:42,821
DA:43,821
DA:44,21
DA:45,21
DA:46,0
DA:50,228
DA:52,228
DA:55,228
DA:59,250
DA:60,14
DA:61,14
DA:62,14
DA:63,14
DA:64,14
DA:65,10
DA:70,22
DA:71,22
DA:72,19
DA:73,0
DA:75,22
DA:76,3
DA:80,30
DA:81,30
DA:93,22
DA:95,22
DA:98,22
DA:100,22
DA:101,22
DA:102,2
DA:103,0
DA:105,19
DA:106,0
DA:109,19
DA:110,23
DA:111,23
DA:112,22
DA:113,22
DA:115,22
DA:116,253
DA:117,253
DA:118,253
DA:119,0
DA:120,0
DA:122,253
DA:124,252
DA:125,7
DA:126,5
DA:127,4
DA:128,4
DA:130,245
DA:132,242
DA:133,242
DA:134,228
DA:135,228
DA:140,228
DA:141,228
DA:145,19
DA:146,18
DA:147,18
DA:148,1
DA:151,17
DA:154,30
DA:156,17
DA:157,17
DA:158,17
DA:159,17
DA:160,1
DA:161,1
DA:163,17
DA:164,0
DA:165,0
DA:167,17
DA:168,17
LF:77
LH:69
BRDA:33,0,0,0
BRDA:33,0,1,21
BRDA:33,1,0,21
BRDA:33,1,1,21
BRDA:33,1,2,21
BRDA:38,2,0,2
BRDA:38,2,1,375
BRDA:43,3,0,800
BRDA:43,3,1,21
BRDA:44,4,0,0
BRDA:44,4,1,21
BRDA:45,5,0,21
BRDA:45,5,1,0
BRDA:52,6,0,228
BRDA:52,6,1,228
BRDA:52,6,2,227
BRDA:55,7,0,1
BRDA:55,7,1,227
BRDA:61,8,0,0
BRDA:61,8,1,14
BRDA:61,9,0,14
BRDA:61,9,1,14
BRDA:61,9,2,14
BRDA:62,10,0,2
BRDA:62,10,1,12
BRDA:63,11,0,0
BRDA:63,11,1,14
BRDA:64,12,0,4
BRDA:64,12,1,10
BRDA:72,13,0,19
BRDA:72,13,1,0
BRDA:75,14,0,19
BRDA:75,14,1,3
BRDA:82,15,0,30
BRDA:82,15,1,6
BRDA:82,15,2,3
BRDA:83,16,0,30
BRDA:83,16,1,11
BRDA:84,17,0,1
BRDA:84,17,1,29
BRDA:93,18,0,22
BRDA:93,18,1,6
BRDA:95,19,0,1
BRDA:95,19,1,21
BRDA:95,20,0,22
BRDA:95,20,1,1
BRDA:102,21,0,2
BRDA:102,21,1,0
BRDA:105,22,0,0
BRDA:105,22,1,19
BRDA:105,23,0,19
BRDA:105,23,1,19
BRDA:119,24,0,0
BRDA:119,24,1,0
BRDA:122,25,0,1
BRDA:122,25,1,252
BRDA:122,26,0,253
BRDA:122,26,1,253
BRDA:124,27,0,7
BRDA:124,27,1,245
BRDA:125,28,0,2
BRDA:125,28,1,5
BRDA:125,29,0,7
BRDA:125,29,1,6
BRDA:126,30,0,1
BRDA:126,30,1,4
BRDA:130,31,0,3
BRDA:130,31,1,242
BRDA:130,32,0,245
BRDA:130,32,1,245
BRDA:133,33,0,14
BRDA:133,33,1,228
BRDA:141,34,0,197
BRDA:141,34,1,31
BRDA:147,35,0,1
BRDA:147,35,1,17
BRDA:159,36,0,1
BRDA:159,36,1,16
BRDA:163,37,0,0
BRDA:163,37,1,17
BRDA:173,38,0,16
BRDA:173,38,1,1
BRDA:178,39,0,16
BRDA:178,39,1,1
BRF:84
BRH:73
end_of_record
TN:
SF:src/tools/read.ts
FN:22,createReadShim
FN:25,(anonymous_1)
FN:41,execute
FN:50,renderCall
FN:59,renderResult
FNF:5
FNH:5
FNDA:62,createReadShim
FNDA:10,(anonymous_1)
FNDA:5,execute
FNDA:1,renderCall
FNDA:2,renderResult
DA:23,62
DA:25,62
DA:26,10
DA:27,10
DA:28,9
DA:29,10
DA:36,62
DA:48,5
DA:55,1
DA:56,1
DA:57,1
DA:65,2
DA:66,2
DA:67,2
LF:14
LH:14
BRDA:27,0,0,1
BRDA:27,0,1,9
BRDA:28,1,0,1
BRDA:28,1,1,8
BRDA:30,2,0,8
BRDA:30,2,1,1
BRDA:31,3,0,5
BRDA:31,3,1,4
BRDA:32,4,0,5
BRDA:32,4,1,4
BRDA:56,5,0,0
BRDA:56,5,1,1
BRDA:66,6,0,0
BRDA:66,6,1,2
BRF:14
BRH:12
end_of_record
TN:
SF:src/tools/register.ts
FN:22,registerGrokTools
FNF:1
FNH:1
FNDA:58,registerGrokTools
DA:10,42
DA:23,58
DA:24,58
DA:25,58
DA:26,58
DA:27,58
DA:28,58
DA:29,58
LF:8
LH:8
BRDA:24,0,0,39
BRDA:24,0,1,19
BRF:2
BRH:2
end_of_record
TN:
SF:src/tools/rendering.ts
FN:18,nativeRenderContext
FN:25,recordFrom
FN:30,stringFrom
FN:35,normalizePath
FN:39,text
FN:43,firstText
FN:49,renderResultText
FN:57,renderRunning
FN:62,renderResultSummary
FN:71,detailRecord
FN:76,numberDetail
FN:82,booleanDetail
FN:93,fileNotFound
FN:103,fileError
FNF:14
FNH:14
FNDA:43,nativeRenderContext
FNDA:327,recordFrom
FNDA:722,stringFrom
FNDA:483,normalizePath
FNDA:24,text
FNDA:1,firstText
FNDA:4,renderResultText
FNDA:13,renderRunning
FNDA:5,renderResultSummary
FNDA:13,detailRecord
FNDA:9,numberDetail
FNDA:4,booleanDetail
FNDA:2,fileNotFound
FNDA:2,fileError
DA:22,43
DA:26,327
DA:27,271
DA:31,722
DA:32,348
DA:36,483
DA:40,24
DA:44,1
DA:45,1
DA:46,1
DA:54,4
DA:58,13
DA:59,3
DA:68,5
DA:72,13
DA:73,12
DA:77,9
DA:78,9
DA:79,7
DA:83,4
DA:97,2
DA:110,2
DA:113,2
LF:23
LH:23
BRDA:26,0,0,56
BRDA:26,0,1,271
BRDA:26,1,0,327
BRDA:26,1,1,271
BRDA:31,2,0,374
BRDA:31,2,1,348
BRDA:45,3,0,0
BRDA:45,3,1,1
BRDA:54,4,0,1
BRDA:54,4,1,3
BRDA:54,5,0,1
BRDA:54,5,1,0
BRDA:58,6,0,10
BRDA:58,6,1,3
BRDA:68,7,0,5
BRDA:68,7,1,4
BRDA:72,8,0,1
BRDA:72,8,1,12
BRDA:72,9,0,13
BRDA:72,9,1,12
BRDA:78,10,0,2
BRDA:78,10,1,7
BRDA:110,11,0,1
BRDA:110,11,1,1
BRDA:110,12,0,2
BRDA:110,12,1,2
BRDA:110,12,2,2
BRDA:110,12,3,1
BRF:28
BRH:26
end_of_record
TN:
SF:src/tools/search.ts
FN:12,normalizeGrepArgs
FN:30,registerSearchTools
FN:37,execute
FN:52,renderCall
FN:61,renderResult
FN:97,execute_2
FN:100,renderCall_2
FN:109,renderResult_2
FNF:8
FNH:8
FNDA:31,normalizeGrepArgs
FNDA:97,registerSearchTools
FNDA:15,execute
FNDA:2,renderCall
FNDA:8,renderResult
FNDA:22,execute_2
FNDA:1,renderCall_2
FNDA:3,renderResult_2
DA:13,31
DA:14,31
DA:31,97
DA:32,97
DA:44,15
DA:57,2
DA:58,2
DA:59,2
DA:67,8
DA:68,8
DA:69,8
DA:78,97
DA:89,97
DA:90,97
DA:98,22
DA:105,1
DA:106,1
DA:107,1
DA:115,3
DA:116,3
DA:117,3
LF:21
LH:21
BRDA:15,0,0,31
BRDA:15,0,1,11
BRDA:15,0,2,4
BRDA:17,1,0,31
BRDA:17,1,1,25
BRDA:17,1,2,16
BRDA:19,2,0,2
BRDA:19,2,1,29
BRDA:21,3,0,1
BRDA:21,3,1,28
BRDA:24,4,0,3
BRDA:24,4,1,28
BRDA:25,5,0,2
BRDA:25,5,1,29
BRDA:26,6,0,2
BRDA:26,6,1,29
BRDA:58,7,0,0
BRDA:58,7,1,2
BRDA:68,8,0,0
BRDA:68,8,1,8
BRDA:106,9,0,0
BRDA:106,9,1,1
BRDA:116,10,0,0
BRDA:116,10,1,3
BRF:24
BRH:20
end_of_record
TN:
SF:src/tools/shell.ts
FN:17,normalizeShellArgs
FN:26,nativeShellArgs
FN:31,registerShellTool
FN:50,execute
FN:62,renderCall
FN:71,renderResult
FNF:6
FNH:6
FNDA:50,normalizeShellArgs
FNDA:29,nativeShellArgs
FNDA:76,registerShellTool
FNDA:17,execute
FNDA:3,renderCall
FNDA:9,renderResult
DA:18,50
DA:19,50
DA:27,29
DA:28,29
DA:32,76
DA:41,76
DA:43,76
DA:57,17
DA:58,17
DA:67,3
DA:68,3
DA:69,3
DA:77,9
DA:78,9
DA:79,9
LF:15
LH:15
BRDA:20,0,0,50
BRDA:20,0,1,10
BRDA:20,0,2,4
BRDA:21,1,0,25
BRDA:21,1,1,25
BRDA:59,2,0,1
BRDA:59,2,1,16
BRDA:68,3,0,0
BRDA:68,3,1,3
BRDA:78,4,0,0
BRDA:78,4,1,9
BRF:11
BRH:9
end_of_record
TN:
SF:src/tools/webSearch.ts
FN:52,normalizeQueryList
FN:54,(anonymous_1)
FN:55,(anonymous_2)
FN:56,(anonymous_3)
FN:59,queryListFromArgs
FN:68,missingDelegateMessage
FN:83,registerWebSearchTool
FN:92,execute
FN:108,renderCall
FN:136,renderResult
FN:152,(anonymous_10)
FNF:11
FNH:11
FNDA:7,normalizeQueryList
FNDA:15,(anonymous_1)
FNDA:15,(anonymous_2)
FNDA:15,(anonymous_3)
FNDA:6,queryListFromArgs
FNDA:1,missingDelegateMessage
FNDA:47,registerWebSearchTool
FNDA:3,execute
FNDA:6,renderCall
FNDA:6,renderResult
FNDA:2,(anonymous_10)
DA:12,42
DA:14,42
DA:53,7
DA:54,15
DA:55,15
DA:56,15
DA:60,6
DA:65,6
DA:70,1
DA:72,1
DA:84,47
DA:93,3
DA:94,3
DA:95,3
DA:96,2
DA:97,2
DA:98,1
DA:100,2
DA:101,2
DA:102,2
DA:103,2
DA:105,2
DA:109,6
DA:110,6
DA:111,2
DA:115,4
DA:116,2
DA:117,2
DA:118,2
DA:122,2
DA:126,2
DA:127,8
DA:128,8
DA:130,2
DA:131,1
DA:133,2
DA:137,6
DA:138,6
DA:140,5
DA:141,5
DA:142,1
DA:146,4
DA:150,6
DA:152,2
DA:153,6
DA:154,6
LF:46
LH:46
BRDA:60,0,0,3
BRDA:60,0,1,3
BRDA:62,1,0,2
BRDA:62,1,1,1
BRDA:70,2,0,1
BRDA:70,2,1,0
BRDA:95,3,0,1
BRDA:95,3,1,2
BRDA:97,4,0,1
BRDA:97,4,1,1
BRDA:100,5,0,2
BRDA:100,5,1,0
BRDA:102,6,0,1
BRDA:102,6,1,1
BRDA:103,7,0,1
BRDA:103,7,1,1
BRDA:110,8,0,2
BRDA:110,8,1,4
BRDA:115,9,0,2
BRDA:115,9,1,2
BRDA:117,10,0,1
BRDA:117,10,1,1
BRDA:127,11,0,0
BRDA:127,11,1,8
BRDA:130,12,0,1
BRDA:130,12,1,1
BRDA:138,13,0,1
BRDA:138,13,1,5
BRDA:141,14,0,1
BRDA:141,14,1,4
BRDA:146,15,0,3
BRDA:146,15,1,1
BRDA:150,16,0,2
BRDA:150,16,1,4
BRDA:152,17,0,2
BRDA:152,17,1,0
BRDA:153,18,0,1
BRDA:153,18,1,1
BRF:38
BRH:34
end_of_record
TN:
SF:src/tools/webSearchDelegate.ts
FN:27,getWebSearchLoadError
FN:31,isCurrentBinding
FN:35,resolvePiWebAccessEntry
FN:48,isPiWebAccessInstalled
FN:52,createToolRegistrationAdapter
FN:57,get
FN:60,(anonymous_6)
FN:67,captureWebSearchFromPublicFactory
FN:82,(anonymous_8)
FN:98,bindLivePiWebAccess
FN:105,ensureWebSearchDelegate
FN:118,(anonymous_11)
FN:134,getWebSearchDelegate
FN:138,clearWebSearchDelegateForTests
FN:146,setWebSearchDelegateForTests
FNF:15
FNH:15
FNDA:6,getWebSearchLoadError
FNDA:37,isCurrentBinding
FNDA:37,resolvePiWebAccessEntry
FNDA:28,isPiWebAccessInstalled
FNDA:8,createToolRegistrationAdapter
FNDA:11,get
FNDA:3,(anonymous_6)
FNDA:9,captureWebSearchFromPublicFactory
FNDA:7,(anonymous_8)
FNDA:3,bindLivePiWebAccess
FNDA:13,ensureWebSearchDelegate
FNDA:9,(anonymous_11)
FNDA:14,getWebSearchDelegate
FNDA:31,clearWebSearchDelegateForTests
FNDA:4,setWebSearchDelegateForTests
DA:9,6
DA:10,6
DA:24,6
DA:25,6
DA:28,6
DA:32,37
DA:36,37
DA:40,55
DA:41,110
DA:42,110
DA:45,18
DA:49,28
DA:56,8
DA:58,11
DA:59,4
DA:60,3
DA:62,1
DA:68,9
DA:69,9
DA:71,9
DA:74,9
DA:75,1
DA:81,8
DA:83,7
DA:87,7
DA:88,1
DA:89,1
DA:90,1
DA:92,6
DA:93,5
DA:94,5
DA:99,3
DA:100,3
DA:101,3
DA:102,3
DA:109,13
DA:111,10
DA:112,13
DA:114,10
DA:115,10
DA:116,10
DA:118,9
DA:119,9
DA:120,9
DA:121,9
DA:123,2
DA:124,2
DA:125,2
DA:127,9
DA:131,9
DA:135,14
DA:139,31
DA:140,31
DA:141,31
DA:142,31
DA:143,31
DA:147,4
DA:148,4
LF:58
LH:58
BRDA:32,0,0,37
BRDA:32,0,1,35
BRDA:32,0,2,6
BRDA:42,1,0,19
BRDA:42,1,1,91
BRDA:58,2,0,7
BRDA:58,2,1,4
BRDA:59,3,0,3
BRDA:59,3,1,1
BRDA:59,4,0,4
BRDA:59,4,1,3
BRDA:59,4,2,2
BRDA:69,5,0,0
BRDA:69,5,1,9
BRDA:74,6,0,1
BRDA:74,6,1,8
BRDA:83,7,0,6
BRDA:83,7,1,1
BRDA:87,8,0,1
BRDA:87,8,1,6
BRDA:88,9,0,0
BRDA:88,9,1,1
BRDA:92,10,0,1
BRDA:92,10,1,5
BRDA:107,11,0,13
BRDA:109,12,0,3
BRDA:109,12,1,10
BRDA:111,13,0,10
BRDA:111,13,1,2
BRDA:112,14,0,0
BRDA:112,14,1,13
BRDA:115,15,0,0
BRDA:115,15,1,10
BRDA:115,16,0,10
BRDA:115,16,1,10
BRDA:116,17,0,1
BRDA:116,17,1,9
BRDA:119,18,0,9
BRDA:119,18,1,0
BRDA:123,19,0,0
BRDA:123,19,1,2
BRDA:124,20,0,2
BRDA:124,20,1,0
BRDA:127,21,0,8
BRDA:127,21,1,1
BRF:45
BRH:38
end_of_record
TN:
SF:src/vision/cache.ts
FN:6,(anonymous_0)
FN:30,emptyCache
FN:36,loadCache
FN:53,saveCache
FN:58,updateCache
FN:60,(anonymous_5)
FN:61,(anonymous_6)
FN:64,(anonymous_7)
FN:78,clearCache
FN:82,cacheStats
FN:86,hash
FN:90,makeCacheKey
FN:95,makeCacheEntry
FN:111,pruneCache
FN:112,(anonymous_14)
FNF:15
FNH:14
FNDA:27,(anonymous_0)
FNDA:41,emptyCache
FNDA:48,loadCache
FNDA:19,saveCache
FNDA:14,updateCache
FNDA:0,(anonymous_5)
FNDA:14,(anonymous_6)
FNDA:14,(anonymous_7)
FNDA:2,clearCache
FNDA:4,cacheStats
FNDA:158,hash
FNDA:59,makeCacheKey
FNDA:20,makeCacheEntry
FNDA:13,pruneCache
FNDA:6,(anonymous_14)
DA:6,43
DA:7,27
DA:31,41
DA:34,43
DA:37,48
DA:38,48
DA:39,48
DA:45,9
DA:50,39
DA:54,19
DA:55,19
DA:59,14
DA:60,14
DA:61,14
DA:62,14
DA:64,14
DA:65,14
DA:67,14
DA:68,14
DA:69,14
DA:70,14
DA:71,14
DA:73,14
DA:74,14
DA:79,2
DA:83,4
DA:87,158
DA:91,59
DA:92,59
DA:101,20
DA:112,13
DA:113,6
DA:115,13
LF:33
LH:33
BRDA:7,0,0,26
BRDA:7,0,1,1
BRDA:7,1,0,27
BRDA:7,1,1,23
BRDA:39,2,0,9
BRDA:39,2,1,39
BRDA:40,3,0,48
BRDA:40,3,1,9
BRDA:40,3,2,9
BRDA:40,3,3,9
BRDA:59,4,0,14
BRDA:59,4,1,12
BRDA:74,5,0,12
BRDA:74,5,1,2
BRDA:105,6,0,20
BRDA:105,6,1,0
BRF:16
BRH:15
end_of_record
TN:
SF:src/vision/describe.ts
FN:25,asObject
FN:31,createTimeoutSignal
FN:33,(anonymous_2)
FN:38,(anonymous_3)
FN:46,(anonymous_4)
FN:53,sleep
FN:54,(anonymous_6)
FN:58,(anonymous_7)
FN:70,isRetryableStatus
FN:74,readErrorBody
FN:75,(anonymous_10)
FN:85,explainHttpError
FN:102,explainFetchError
FN:113,fetchWithRetry
FN:139,extractDescription
FN:147,(anonymous_15)
FN:148,(anonymous_16)
FN:150,(anonymous_17)
FN:154,(anonymous_18)
FN:159,describeImage
FN:223,textContent
FN:227,replaceImagesWithText
FN:233,(anonymous_22)
FN:244,describeSingle
FN:269,(anonymous_24)
FN:292,handleReadResult
FN:310,(anonymous_26)
FN:325,(anonymous_27)
FN:341,(anonymous_28)
FN:344,(anonymous_29)
FNF:30
FNH:29
FNDA:15,asObject
FNDA:26,createTimeoutSignal
FNDA:3,(anonymous_2)
FNDA:1,(anonymous_3)
FNDA:26,(anonymous_4)
FNDA:6,sleep
FNDA:6,(anonymous_6)
FNDA:1,(anonymous_7)
FNDA:8,isRetryableStatus
FNDA:8,readErrorBody
FNDA:0,(anonymous_10)
FNDA:8,explainHttpError
FNDA:4,explainFetchError
FNDA:21,fetchWithRetry
FNDA:13,extractDescription
FNDA:1,(anonymous_15)
FNDA:1,(anonymous_16)
FNDA:1,(anonymous_17)
FNDA:1,(anonymous_18)
FNDA:21,describeImage
FNDA:24,textContent
FNDA:22,replaceImagesWithText
FNDA:25,(anonymous_22)
FNDA:22,describeSingle
FNDA:12,(anonymous_24)
FNDA:27,handleReadResult
FNDA:26,(anonymous_26)
FNDA:1,(anonymous_27)
FNDA:22,(anonymous_28)
FNDA:22,(anonymous_29)
DA:17,41
DA:18,41
DA:19,41
DA:21,41
DA:26,15
DA:32,26
DA:33,26
DA:34,3
DA:38,26
DA:39,26
DA:40,1
DA:41,1
DA:44,26
DA:47,26
DA:48,26
DA:54,6
DA:55,6
DA:56,6
DA:58,1
DA:59,1
DA:60,1
DA:62,1
DA:63,1
DA:64,1
DA:66,0
DA:71,8
DA:75,8
DA:76,8
DA:77,6
DA:78,6
DA:79,6
DA:81,3
DA:86,8
DA:87,8
DA:88,1
DA:90,7
DA:91,1
DA:93,6
DA:94,3
DA:96,3
DA:97,2
DA:99,1
DA:103,4
DA:104,4
DA:105,3
DA:107,1
DA:108,1
DA:110,0
DA:116,21
DA:117,26
DA:118,26
DA:119,26
DA:120,22
DA:121,18
DA:123,4
DA:125,4
DA:126,4
DA:127,2
DA:130,26
DA:133,6
DA:136,0
DA:140,13
DA:141,13
DA:142,13
DA:143,2
DA:145,1
DA:147,1
DA:148,1
DA:152,1
DA:154,1
DA:166,21
DA:167,21
DA:174,21
DA:202,18
DA:203,4
DA:204,4
DA:207,14
DA:209,14
DA:210,14
DA:212,1
DA:216,13
DA:217,13
DA:218,1
DA:220,12
DA:224,24
DA:232,22
DA:233,22
DA:234,25
DA:236,24
DA:237,24
DA:238,24
DA:241,22
DA:252,22
DA:253,22
DA:255,22
DA:256,22
DA:257,22
DA:260,21
DA:261,21
DA:268,12
DA:269,12
DA:270,12
DA:276,12
DA:279,12
DA:281,9
DA:282,9
DA:283,9
DA:298,27
DA:303,25
DA:304,27
DA:306,24
DA:307,24
DA:308,24
DA:310,26
DA:311,23
DA:313,22
DA:314,22
DA:316,22
DA:317,22
DA:318,1
DA:322,1
DA:326,1
DA:337,21
DA:339,21
DA:340,21
DA:341,22
DA:344,21
DA:345,22
DA:347,21
LF:129
LH:126
BRDA:26,0,0,15
BRDA:26,0,1,0
BRDA:26,1,0,15
BRDA:26,1,1,15
BRDA:38,2,0,1
BRDA:38,2,1,0
BRDA:39,3,0,1
BRDA:39,3,1,25
BRDA:40,4,0,0
BRDA:40,4,1,1
BRDA:56,5,0,5
BRDA:56,5,1,1
BRDA:62,6,0,1
BRDA:62,6,1,0
BRDA:71,7,0,8
BRDA:71,7,1,8
BRDA:71,7,2,8
BRDA:71,7,3,8
BRDA:71,7,4,5
BRDA:76,8,0,2
BRDA:76,8,1,6
BRDA:79,9,0,6
BRDA:79,9,1,0
BRDA:79,9,2,0
BRDA:86,10,0,6
BRDA:86,10,1,2
BRDA:87,11,0,1
BRDA:87,11,1,7
BRDA:87,12,0,8
BRDA:87,12,1,7
BRDA:90,13,0,1
BRDA:90,13,1,6
BRDA:90,14,0,7
BRDA:90,14,1,6
BRDA:93,15,0,3
BRDA:93,15,1,3
BRDA:96,16,0,2
BRDA:96,16,1,1
BRDA:103,17,0,4
BRDA:103,17,1,0
BRDA:104,18,0,3
BRDA:104,18,1,1
BRDA:104,19,0,4
BRDA:104,19,1,4
BRDA:104,19,2,4
BRDA:107,20,0,1
BRDA:107,20,1,0
BRDA:117,21,0,26
BRDA:117,21,1,25
BRDA:120,22,0,18
BRDA:120,22,1,4
BRDA:120,23,0,22
BRDA:120,23,1,8
BRDA:120,23,2,5
BRDA:126,24,0,2
BRDA:126,24,1,2
BRDA:126,25,0,4
BRDA:126,25,1,3
BRDA:127,26,0,1
BRDA:127,26,1,1
BRDA:133,27,0,6
BRDA:133,27,1,5
BRDA:136,28,0,0
BRDA:136,28,1,0
BRDA:141,29,0,0
BRDA:141,29,1,13
BRDA:142,30,0,11
BRDA:142,30,1,2
BRDA:142,31,0,13
BRDA:142,31,1,12
BRDA:143,32,0,1
BRDA:143,32,1,1
BRDA:147,33,0,1
BRDA:147,33,1,1
BRDA:148,34,0,1
BRDA:148,34,1,0
BRDA:152,35,0,1
BRDA:152,35,1,1
BRDA:152,35,2,1
BRDA:202,36,0,4
BRDA:202,36,1,14
BRDA:213,37,0,1
BRDA:213,37,1,0
BRDA:217,38,0,1
BRDA:217,38,1,12
BRDA:234,39,0,1
BRDA:234,39,1,24
BRDA:238,40,0,23
BRDA:238,40,1,1
BRDA:241,41,0,1
BRDA:241,41,1,21
BRDA:255,42,0,22
BRDA:255,42,1,0
BRDA:257,43,0,1
BRDA:257,43,1,21
BRDA:268,44,0,12
BRDA:268,44,1,0
BRDA:281,45,0,9
BRDA:281,45,1,0
BRDA:298,46,0,2
BRDA:298,46,1,25
BRDA:298,47,0,27
BRDA:298,47,1,2
BRDA:304,48,0,1
BRDA:304,48,1,26
BRDA:304,49,0,27
BRDA:304,49,1,25
BRDA:308,50,0,1
BRDA:308,50,1,23
BRDA:311,51,0,1
BRDA:311,51,1,22
BRDA:317,52,0,1
BRDA:317,52,1,21
BRDA:328,53,0,0
BRDA:328,53,1,1
BRDA:337,54,0,0
BRDA:337,54,1,21
BRDA:351,55,0,1
BRDA:351,55,1,20
BRF:119
BRH:101
end_of_record
TN:
SF:src/vision/register.ts
FN:6,registerVisionFeature
FN:11,(anonymous_1)
FN:34,(anonymous_2)
FN:50,(anonymous_3)
FNF:4
FNH:4
FNDA:45,registerVisionFeature
FNDA:1,(anonymous_1)
FNDA:2,(anonymous_2)
FNDA:1,(anonymous_3)
DA:7,45
DA:9,45
DA:12,1
DA:13,1
DA:14,1
DA:15,1
DA:32,45
DA:35,2
DA:36,2
DA:37,2
DA:41,2
DA:48,45
DA:51,1
DA:52,1
LF:14
LH:14
BRDA:17,0,0,1
BRDA:17,0,1,0
BRDA:20,1,0,1
BRDA:20,1,1,0
BRDA:23,2,0,0
BRDA:23,2,1,1
BRDA:27,3,0,0
BRDA:27,3,1,1
BRDA:42,4,0,1
BRDA:42,4,1,1
BRF:10
BRH:6
end_of_record
